{"C:\\Users\\newad\\Desktop\\YadroOS\\backend\\src\\adapters\\AdapterRegistry.ts": {"path":"C:\\Users\\newad\\Desktop\\YadroOS\\backend\\src\\adapters\\AdapterRegistry.ts","statementMap":{"0":{"start":{"line":4,"column":21},"end":{"line":4,"column":null}},"1":{"start":{"line":7,"column":4},"end":{"line":7,"column":null}},"2":{"start":{"line":11,"column":4},"end":{"line":11,"column":null}},"3":{"start":{"line":15,"column":4},"end":{"line":15,"column":null}},"4":{"start":{"line":19,"column":4},"end":{"line":19,"column":null}},"5":{"start":{"line":23,"column":4},"end":{"line":23,"column":null}},"6":{"start":{"line":27,"column":31},"end":{"line":27,"column":null}}},"fnMap":{"0":{"name":"register","decl":{"start":{"line":6,"column":2},"end":{"line":6,"column":11}},"loc":{"start":{"line":6,"column":59},"end":{"line":8,"column":null}},"line":6},"1":{"name":"get","decl":{"start":{"line":10,"column":2},"end":{"line":10,"column":6}},"loc":{"start":{"line":10,"column":57},"end":{"line":12,"column":null}},"line":10},"2":{"name":"getAll","decl":{"start":{"line":14,"column":2},"end":{"line":14,"column":30}},"loc":{"start":{"line":14,"column":30},"end":{"line":16,"column":null}},"line":14},"3":{"name":"getEntries","decl":{"start":{"line":18,"column":2},"end":{"line":18,"column":44}},"loc":{"start":{"line":18,"column":44},"end":{"line":20,"column":null}},"line":18},"4":{"name":"remove","decl":{"start":{"line":22,"column":2},"end":{"line":22,"column":9}},"loc":{"start":{"line":22,"column":31},"end":{"line":24,"column":null}},"line":22}},"branchMap":{},"s":{"0":1,"1":1,"2":0,"3":0,"4":1,"5":0,"6":1},"f":{"0":1,"1":0,"2":0,"3":1,"4":0},"b":{},"meta":{"lastBranch":0,"lastFunction":5,"lastStatement":7,"seen":{"s:4:21:4:Infinity":0,"f:6:2:6:11":0,"s:7:4:7:Infinity":1,"f:10:2:10:6":1,"s:11:4:11:Infinity":2,"f:14:2:14:30":2,"s:15:4:15:Infinity":3,"f:18:2:18:44":3,"s:19:4:19:Infinity":4,"f:22:2:22:9":4,"s:23:4:23:Infinity":5,"s:27:31:27:Infinity":6},"fnNames":{}}}
,"C:\\Users\\newad\\Desktop\\YadroOS\\backend\\src\\adapters\\TelegramAdapter.ts": {"path":"C:\\Users\\newad\\Desktop\\YadroOS\\backend\\src\\adapters\\TelegramAdapter.ts","statementMap":{"0":{"start":{"line":7,"column":22},"end":{"line":7,"column":40}},"1":{"start":{"line":5,"column":22},"end":{"line":5,"column":null}},"2":{"start":{"line":10,"column":4},"end":{"line":12,"column":null}},"3":{"start":{"line":11,"column":6},"end":{"line":11,"column":null}},"4":{"start":{"line":13,"column":16},"end":{"line":13,"column":null}},"5":{"start":{"line":14,"column":4},"end":{"line":17,"column":null}},"6":{"start":{"line":16,"column":6},"end":{"line":16,"column":null}},"7":{"start":{"line":19,"column":4},"end":{"line":28,"column":null}},"8":{"start":{"line":32,"column":19},"end":{"line":32,"column":null}},"9":{"start":{"line":33,"column":4},"end":{"line":36,"column":null}},"10":{"start":{"line":40,"column":4},"end":{"line":48,"column":null}},"11":{"start":{"line":41,"column":18},"end":{"line":41,"column":null}},"12":{"start":{"line":42,"column":6},"end":{"line":44,"column":null}},"13":{"start":{"line":43,"column":8},"end":{"line":43,"column":null}},"14":{"start":{"line":45,"column":6},"end":{"line":45,"column":null}},"15":{"start":{"line":47,"column":6},"end":{"line":47,"column":null}}},"fnMap":{"0":{"name":"constructor","decl":{"start":{"line":7,"column":2},"end":{"line":7,"column":14}},"loc":{"start":{"line":7,"column":40},"end":{"line":7,"column":null}},"line":7},"1":{"name":"handleIncoming","decl":{"start":{"line":9,"column":8},"end":{"line":9,"column":23}},"loc":{"start":{"line":9,"column":72},"end":{"line":29,"column":null}},"line":9},"2":{"name":"sendMessage","decl":{"start":{"line":31,"column":8},"end":{"line":31,"column":20}},"loc":{"start":{"line":31,"column":70},"end":{"line":37,"column":null}},"line":31},"3":{"name":"checkHealth","decl":{"start":{"line":39,"column":8},"end":{"line":39,"column":71}},"loc":{"start":{"line":39,"column":71},"end":{"line":49,"column":null}},"line":39}},"branchMap":{"0":{"loc":{"start":{"line":10,"column":4},"end":{"line":12,"column":null}},"type":"if","locations":[{"start":{"line":10,"column":4},"end":{"line":12,"column":null}},{"start":{},"end":{}}],"line":10},"1":{"loc":{"start":{"line":10,"column":8},"end":{"line":10,"column":38}},"type":"binary-expr","locations":[{"start":{"line":10,"column":8},"end":{"line":10,"column":20}},{"start":{"line":10,"column":20},"end":{"line":10,"column":38}}],"line":10},"2":{"loc":{"start":{"line":14,"column":4},"end":{"line":17,"column":null}},"type":"if","locations":[{"start":{"line":14,"column":4},"end":{"line":17,"column":null}},{"start":{},"end":{}}],"line":14},"3":{"loc":{"start":{"line":42,"column":6},"end":{"line":44,"column":null}},"type":"if","locations":[{"start":{"line":42,"column":6},"end":{"line":44,"column":null}},{"start":{},"end":{}}],"line":42},"4":{"loc":{"start":{"line":42,"column":10},"end":{"line":42,"column":35}},"type":"binary-expr","locations":[{"start":{"line":42,"column":10},"end":{"line":42,"column":22}},{"start":{"line":42,"column":22},"end":{"line":42,"column":35}}],"line":42}},"s":{"0":2,"1":2,"2":2,"3":0,"4":2,"5":2,"6":0,"7":2,"8":0,"9":0,"10":0,"11":0,"12":0,"13":0,"14":0,"15":0},"f":{"0":2,"1":2,"2":0,"3":0},"b":{"0":[0,2],"1":[2,2],"2":[0,2],"3":[0,0],"4":[0,0]},"meta":{"lastBranch":5,"lastFunction":4,"lastStatement":16,"seen":{"f:7:2:7:14":0,"s:7:22:7:40":0,"s:5:22:5:Infinity":1,"f:9:8:9:23":1,"b:10:4:12:Infinity:undefined:undefined:undefined:undefined":0,"s:10:4:12:Infinity":2,"b:10:8:10:20:10:20:10:38":1,"s:11:6:11:Infinity":3,"s:13:16:13:Infinity":4,"b:14:4:17:Infinity:undefined:undefined:undefined:undefined":2,"s:14:4:17:Infinity":5,"s:16:6:16:Infinity":6,"s:19:4:28:Infinity":7,"f:31:8:31:20":2,"s:32:19:32:Infinity":8,"s:33:4:36:Infinity":9,"f:39:8:39:71":3,"s:40:4:48:Infinity":10,"s:41:18:41:Infinity":11,"b:42:6:44:Infinity:undefined:undefined:undefined:undefined":3,"s:42:6:44:Infinity":12,"b:42:10:42:22:42:22:42:35":4,"s:43:8:43:Infinity":13,"s:45:6:45:Infinity":14,"s:47:6:47:Infinity":15},"fnNames":{}}}
,"C:\\Users\\newad\\Desktop\\YadroOS\\backend\\src\\controllers\\communications.controller.ts": {"path":"C:\\Users\\newad\\Desktop\\YadroOS\\backend\\src\\controllers\\communications.controller.ts","statementMap":{"0":{"start":{"line":6,"column":27},"end":{"line":42,"column":null}},"1":{"start":{"line":7,"column":2},"end":{"line":41,"column":null}},"2":{"start":{"line":8,"column":21},"end":{"line":11,"column":null}},"3":{"start":{"line":13,"column":23},"end":{"line":13,"column":null}},"4":{"start":{"line":14,"column":4},"end":{"line":37,"column":null}},"5":{"start":{"line":15,"column":6},"end":{"line":36,"column":null}},"6":{"start":{"line":16,"column":8},"end":{"line":35,"column":null}},"7":{"start":{"line":38,"column":4},"end":{"line":38,"column":null}},"8":{"start":{"line":40,"column":4},"end":{"line":40,"column":null}},"9":{"start":{"line":44,"column":37},"end":{"line":64,"column":null}},"10":{"start":{"line":45,"column":2},"end":{"line":63,"column":null}},"11":{"start":{"line":46,"column":25},"end":{"line":46,"column":null}},"12":{"start":{"line":47,"column":21},"end":{"line":50,"column":null}},"13":{"start":{"line":52,"column":19},"end":{"line":59,"column":null}},"14":{"start":{"line":52,"column":42},"end":{"line":59,"column":6}},"15":{"start":{"line":60,"column":4},"end":{"line":60,"column":null}},"16":{"start":{"line":62,"column":4},"end":{"line":62,"column":null}},"17":{"start":{"line":66,"column":28},"end":{"line":86,"column":null}},"18":{"start":{"line":67,"column":2},"end":{"line":85,"column":null}},"19":{"start":{"line":68,"column":30},"end":{"line":68,"column":null}},"20":{"start":{"line":69,"column":23},"end":{"line":69,"column":null}},"21":{"start":{"line":70,"column":4},"end":{"line":70,"column":null}},"22":{"start":{"line":70,"column":16},"end":{"line":70,"column":null}},"23":{"start":{"line":71,"column":4},"end":{"line":71,"column":null}},"24":{"start":{"line":71,"column":15},"end":{"line":71,"column":null}},"25":{"start":{"line":73,"column":21},"end":{"line":73,"column":null}},"26":{"start":{"line":74,"column":19},"end":{"line":81,"column":null}},"27":{"start":{"line":74,"column":42},"end":{"line":81,"column":6}},"28":{"start":{"line":82,"column":4},"end":{"line":82,"column":null}},"29":{"start":{"line":84,"column":4},"end":{"line":84,"column":null}},"30":{"start":{"line":88,"column":29},"end":{"line":127,"column":null}},"31":{"start":{"line":89,"column":2},"end":{"line":126,"column":null}},"32":{"start":{"line":90,"column":40},"end":{"line":90,"column":null}},"33":{"start":{"line":91,"column":4},"end":{"line":93,"column":null}},"34":{"start":{"line":92,"column":6},"end":{"line":92,"column":null}},"35":{"start":{"line":95,"column":23},"end":{"line":106,"column":null}},"36":{"start":{"line":108,"column":4},"end":{"line":114,"column":null}},"37":{"start":{"line":109,"column":23},"end":{"line":109,"column":null}},"38":{"start":{"line":110,"column":24},"end":{"line":110,"column":null}},"39":{"start":{"line":110,"column":45},"end":{"line":110,"column":70}},"40":{"start":{"line":111,"column":6},"end":{"line":113,"column":null}},"41":{"start":{"line":112,"column":8},"end":{"line":112,"column":null}},"42":{"start":{"line":116,"column":4},"end":{"line":123,"column":null}},"43":{"start":{"line":125,"column":4},"end":{"line":125,"column":null}},"44":{"start":{"line":129,"column":33},"end":{"line":139,"column":null}},"45":{"start":{"line":130,"column":2},"end":{"line":138,"column":null}},"46":{"start":{"line":131,"column":21},"end":{"line":131,"column":null}},"47":{"start":{"line":131,"column":60},"end":{"line":131,"column":85}},"48":{"start":{"line":132,"column":4},"end":{"line":135,"column":null}},"49":{"start":{"line":137,"column":4},"end":{"line":137,"column":null}},"50":{"start":{"line":141,"column":36},"end":{"line":147,"column":null}},"51":{"start":{"line":142,"column":2},"end":{"line":146,"column":null}},"52":{"start":{"line":143,"column":4},"end":{"line":143,"column":null}},"53":{"start":{"line":145,"column":4},"end":{"line":145,"column":null}},"54":{"start":{"line":149,"column":37},"end":{"line":196,"column":null}},"55":{"start":{"line":150,"column":2},"end":{"line":195,"column":null}},"56":{"start":{"line":151,"column":20},"end":{"line":151,"column":null}},"57":{"start":{"line":152,"column":20},"end":{"line":152,"column":null}},"58":{"start":{"line":152,"column":67},"end":{"line":152,"column":92}},"59":{"start":{"line":154,"column":24},"end":{"line":154,"column":null}},"60":{"start":{"line":155,"column":30},"end":{"line":155,"column":null}},"61":{"start":{"line":157,"column":4},"end":{"line":163,"column":null}},"62":{"start":{"line":158,"column":6},"end":{"line":158,"column":null}},"63":{"start":{"line":159,"column":6},"end":{"line":162,"column":null}},"64":{"start":{"line":160,"column":8},"end":{"line":160,"column":null}},"65":{"start":{"line":161,"column":8},"end":{"line":161,"column":null}},"66":{"start":{"line":165,"column":4},"end":{"line":167,"column":null}},"67":{"start":{"line":166,"column":6},"end":{"line":166,"column":null}},"68":{"start":{"line":169,"column":23},"end":{"line":171,"column":null}},"69":{"start":{"line":173,"column":4},"end":{"line":175,"column":null}},"70":{"start":{"line":174,"column":6},"end":{"line":174,"column":null}},"71":{"start":{"line":177,"column":4},"end":{"line":189,"column":null}},"72":{"start":{"line":191,"column":4},"end":{"line":191,"column":null}},"73":{"start":{"line":193,"column":4},"end":{"line":193,"column":null}},"74":{"start":{"line":194,"column":4},"end":{"line":194,"column":null}},"75":{"start":{"line":198,"column":26},"end":{"line":208,"column":null}},"76":{"start":{"line":199,"column":2},"end":{"line":207,"column":null}},"77":{"start":{"line":200,"column":19},"end":{"line":203,"column":null}},"78":{"start":{"line":204,"column":4},"end":{"line":204,"column":null}},"79":{"start":{"line":206,"column":4},"end":{"line":206,"column":null}},"80":{"start":{"line":210,"column":27},"end":{"line":242,"column":null}},"81":{"start":{"line":211,"column":2},"end":{"line":241,"column":null}},"82":{"start":{"line":212,"column":40},"end":{"line":212,"column":null}},"83":{"start":{"line":213,"column":18},"end":{"line":222,"column":null}},"84":{"start":{"line":224,"column":4},"end":{"line":236,"column":null}},"85":{"start":{"line":225,"column":25},"end":{"line":230,"column":null}},"86":{"start":{"line":231,"column":6},"end":{"line":233,"column":null}},"87":{"start":{"line":232,"column":8},"end":{"line":232,"column":null}},"88":{"start":{"line":235,"column":6},"end":{"line":235,"column":null}},"89":{"start":{"line":238,"column":4},"end":{"line":238,"column":null}},"90":{"start":{"line":240,"column":4},"end":{"line":240,"column":null}},"91":{"start":{"line":244,"column":27},"end":{"line":262,"column":null}},"92":{"start":{"line":245,"column":2},"end":{"line":261,"column":null}},"93":{"start":{"line":246,"column":19},"end":{"line":246,"column":null}},"94":{"start":{"line":247,"column":65},"end":{"line":247,"column":null}},"95":{"start":{"line":248,"column":20},"end":{"line":257,"column":null}},"96":{"start":{"line":258,"column":4},"end":{"line":258,"column":null}},"97":{"start":{"line":260,"column":4},"end":{"line":260,"column":null}},"98":{"start":{"line":264,"column":30},"end":{"line":275,"column":null}},"99":{"start":{"line":265,"column":2},"end":{"line":274,"column":null}},"100":{"start":{"line":266,"column":33},"end":{"line":266,"column":null}},"101":{"start":{"line":267,"column":4},"end":{"line":270,"column":null}},"102":{"start":{"line":271,"column":4},"end":{"line":271,"column":null}},"103":{"start":{"line":273,"column":4},"end":{"line":273,"column":null}},"104":{"start":{"line":277,"column":35},"end":{"line":286,"column":null}},"105":{"start":{"line":278,"column":2},"end":{"line":285,"column":null}},"106":{"start":{"line":279,"column":22},"end":{"line":281,"column":null}},"107":{"start":{"line":282,"column":4},"end":{"line":282,"column":null}},"108":{"start":{"line":284,"column":4},"end":{"line":284,"column":null}},"109":{"start":{"line":288,"column":33},"end":{"line":297,"column":null}},"110":{"start":{"line":289,"column":2},"end":{"line":296,"column":null}},"111":{"start":{"line":290,"column":23},"end":{"line":292,"column":null}},"112":{"start":{"line":293,"column":4},"end":{"line":293,"column":null}},"113":{"start":{"line":295,"column":4},"end":{"line":295,"column":null}},"114":{"start":{"line":299,"column":35},"end":{"line":311,"column":null}},"115":{"start":{"line":300,"column":2},"end":{"line":310,"column":null}},"116":{"start":{"line":301,"column":19},"end":{"line":301,"column":null}},"117":{"start":{"line":302,"column":38},"end":{"line":302,"column":null}},"118":{"start":{"line":303,"column":22},"end":{"line":306,"column":null}},"119":{"start":{"line":307,"column":4},"end":{"line":307,"column":null}},"120":{"start":{"line":309,"column":4},"end":{"line":309,"column":null}},"121":{"start":{"line":313,"column":42},"end":{"line":325,"column":null}},"122":{"start":{"line":314,"column":2},"end":{"line":324,"column":null}},"123":{"start":{"line":315,"column":4},"end":{"line":321,"column":null}},"124":{"start":{"line":323,"column":4},"end":{"line":323,"column":null}},"125":{"start":{"line":327,"column":34},"end":{"line":336,"column":null}},"126":{"start":{"line":328,"column":2},"end":{"line":335,"column":null}},"127":{"start":{"line":329,"column":22},"end":{"line":331,"column":null}},"128":{"start":{"line":332,"column":4},"end":{"line":332,"column":null}},"129":{"start":{"line":334,"column":4},"end":{"line":334,"column":null}},"130":{"start":{"line":338,"column":35},"end":{"line":353,"column":null}},"131":{"start":{"line":339,"column":2},"end":{"line":352,"column":null}},"132":{"start":{"line":340,"column":36},"end":{"line":340,"column":null}},"133":{"start":{"line":341,"column":21},"end":{"line":348,"column":null}},"134":{"start":{"line":349,"column":4},"end":{"line":349,"column":null}},"135":{"start":{"line":351,"column":4},"end":{"line":351,"column":null}},"136":{"start":{"line":355,"column":35},"end":{"line":365,"column":null}},"137":{"start":{"line":356,"column":2},"end":{"line":364,"column":null}},"138":{"start":{"line":357,"column":19},"end":{"line":357,"column":null}},"139":{"start":{"line":358,"column":4},"end":{"line":360,"column":null}},"140":{"start":{"line":361,"column":4},"end":{"line":361,"column":null}},"141":{"start":{"line":363,"column":4},"end":{"line":363,"column":null}}},"fnMap":{"0":{"name":"(anonymous_0)","decl":{"start":{"line":6,"column":27},"end":{"line":6,"column":34}},"loc":{"start":{"line":6,"column":66},"end":{"line":42,"column":null}},"line":6},"1":{"name":"(anonymous_1)","decl":{"start":{"line":44,"column":37},"end":{"line":44,"column":44}},"loc":{"start":{"line":44,"column":76},"end":{"line":64,"column":null}},"line":44},"2":{"name":"(anonymous_2)","decl":{"start":{"line":52,"column":28},"end":{"line":52,"column":33}},"loc":{"start":{"line":52,"column":42},"end":{"line":59,"column":6}},"line":52},"3":{"name":"(anonymous_3)","decl":{"start":{"line":66,"column":28},"end":{"line":66,"column":35}},"loc":{"start":{"line":66,"column":67},"end":{"line":86,"column":null}},"line":66},"4":{"name":"(anonymous_4)","decl":{"start":{"line":74,"column":28},"end":{"line":74,"column":33}},"loc":{"start":{"line":74,"column":42},"end":{"line":81,"column":6}},"line":74},"5":{"name":"(anonymous_5)","decl":{"start":{"line":88,"column":29},"end":{"line":88,"column":36}},"loc":{"start":{"line":88,"column":68},"end":{"line":127,"column":null}},"line":88},"6":{"name":"(anonymous_6)","decl":{"start":{"line":110,"column":33},"end":{"line":110,"column":39}},"loc":{"start":{"line":110,"column":45},"end":{"line":110,"column":70}},"line":110},"7":{"name":"(anonymous_7)","decl":{"start":{"line":129,"column":33},"end":{"line":129,"column":40}},"loc":{"start":{"line":129,"column":72},"end":{"line":139,"column":null}},"line":129},"8":{"name":"(anonymous_8)","decl":{"start":{"line":131,"column":46},"end":{"line":131,"column":54}},"loc":{"start":{"line":131,"column":60},"end":{"line":131,"column":85}},"line":131},"9":{"name":"(anonymous_9)","decl":{"start":{"line":141,"column":36},"end":{"line":141,"column":43}},"loc":{"start":{"line":141,"column":75},"end":{"line":147,"column":null}},"line":141},"10":{"name":"(anonymous_10)","decl":{"start":{"line":149,"column":37},"end":{"line":149,"column":44}},"loc":{"start":{"line":149,"column":76},"end":{"line":196,"column":null}},"line":149},"11":{"name":"(anonymous_11)","decl":{"start":{"line":152,"column":49},"end":{"line":152,"column":57}},"loc":{"start":{"line":152,"column":67},"end":{"line":152,"column":92}},"line":152},"12":{"name":"(anonymous_12)","decl":{"start":{"line":198,"column":26},"end":{"line":198,"column":33}},"loc":{"start":{"line":198,"column":65},"end":{"line":208,"column":null}},"line":198},"13":{"name":"(anonymous_13)","decl":{"start":{"line":210,"column":27},"end":{"line":210,"column":34}},"loc":{"start":{"line":210,"column":66},"end":{"line":242,"column":null}},"line":210},"14":{"name":"(anonymous_14)","decl":{"start":{"line":244,"column":27},"end":{"line":244,"column":34}},"loc":{"start":{"line":244,"column":66},"end":{"line":262,"column":null}},"line":244},"15":{"name":"(anonymous_15)","decl":{"start":{"line":264,"column":30},"end":{"line":264,"column":37}},"loc":{"start":{"line":264,"column":69},"end":{"line":275,"column":null}},"line":264},"16":{"name":"(anonymous_16)","decl":{"start":{"line":277,"column":35},"end":{"line":277,"column":42}},"loc":{"start":{"line":277,"column":74},"end":{"line":286,"column":null}},"line":277},"17":{"name":"(anonymous_17)","decl":{"start":{"line":288,"column":33},"end":{"line":288,"column":40}},"loc":{"start":{"line":288,"column":72},"end":{"line":297,"column":null}},"line":288},"18":{"name":"(anonymous_18)","decl":{"start":{"line":299,"column":35},"end":{"line":299,"column":42}},"loc":{"start":{"line":299,"column":74},"end":{"line":311,"column":null}},"line":299},"19":{"name":"(anonymous_19)","decl":{"start":{"line":313,"column":42},"end":{"line":313,"column":49}},"loc":{"start":{"line":313,"column":81},"end":{"line":325,"column":null}},"line":313},"20":{"name":"(anonymous_20)","decl":{"start":{"line":327,"column":34},"end":{"line":327,"column":41}},"loc":{"start":{"line":327,"column":73},"end":{"line":336,"column":null}},"line":327},"21":{"name":"(anonymous_21)","decl":{"start":{"line":338,"column":35},"end":{"line":338,"column":42}},"loc":{"start":{"line":338,"column":74},"end":{"line":353,"column":null}},"line":338},"22":{"name":"(anonymous_22)","decl":{"start":{"line":355,"column":35},"end":{"line":355,"column":42}},"loc":{"start":{"line":355,"column":74},"end":{"line":365,"column":null}},"line":355}},"branchMap":{"0":{"loc":{"start":{"line":15,"column":6},"end":{"line":36,"column":null}},"type":"if","locations":[{"start":{"line":15,"column":6},"end":{"line":36,"column":null}},{"start":{},"end":{}}],"line":15},"1":{"loc":{"start":{"line":18,"column":30},"end":{"line":18,"column":null}},"type":"binary-expr","locations":[{"start":{"line":18,"column":30},"end":{"line":18,"column":46}},{"start":{"line":18,"column":46},"end":{"line":18,"column":null}}],"line":18},"2":{"loc":{"start":{"line":22,"column":20},"end":{"line":22,"column":null}},"type":"binary-expr","locations":[{"start":{"line":22,"column":20},"end":{"line":22,"column":36}},{"start":{"line":22,"column":36},"end":{"line":22,"column":null}}],"line":22},"3":{"loc":{"start":{"line":40,"column":34},"end":{"line":40,"column":72}},"type":"binary-expr","locations":[{"start":{"line":40,"column":34},"end":{"line":40,"column":47}},{"start":{"line":40,"column":47},"end":{"line":40,"column":72}}],"line":40},"4":{"loc":{"start":{"line":55,"column":43},"end":{"line":55,"column":69}},"type":"binary-expr","locations":[{"start":{"line":55,"column":43},"end":{"line":55,"column":59}},{"start":{"line":55,"column":59},"end":{"line":55,"column":69}}],"line":55},"5":{"loc":{"start":{"line":62,"column":34},"end":{"line":62,"column":73}},"type":"binary-expr","locations":[{"start":{"line":62,"column":34},"end":{"line":62,"column":47}},{"start":{"line":62,"column":47},"end":{"line":62,"column":73}}],"line":62},"6":{"loc":{"start":{"line":70,"column":4},"end":{"line":70,"column":null}},"type":"if","locations":[{"start":{"line":70,"column":4},"end":{"line":70,"column":null}},{"start":{},"end":{}}],"line":70},"7":{"loc":{"start":{"line":71,"column":4},"end":{"line":71,"column":null}},"type":"if","locations":[{"start":{"line":71,"column":4},"end":{"line":71,"column":null}},{"start":{},"end":{}}],"line":71},"8":{"loc":{"start":{"line":77,"column":43},"end":{"line":77,"column":69}},"type":"binary-expr","locations":[{"start":{"line":77,"column":43},"end":{"line":77,"column":59}},{"start":{"line":77,"column":59},"end":{"line":77,"column":69}}],"line":77},"9":{"loc":{"start":{"line":84,"column":34},"end":{"line":84,"column":75}},"type":"binary-expr","locations":[{"start":{"line":84,"column":34},"end":{"line":84,"column":47}},{"start":{"line":84,"column":47},"end":{"line":84,"column":75}}],"line":84},"10":{"loc":{"start":{"line":91,"column":4},"end":{"line":93,"column":null}},"type":"if","locations":[{"start":{"line":91,"column":4},"end":{"line":93,"column":null}},{"start":{},"end":{}}],"line":91},"11":{"loc":{"start":{"line":91,"column":8},"end":{"line":91,"column":40}},"type":"binary-expr","locations":[{"start":{"line":91,"column":8},"end":{"line":91,"column":19}},{"start":{"line":91,"column":19},"end":{"line":91,"column":30}},{"start":{"line":91,"column":30},"end":{"line":91,"column":40}}],"line":91},"12":{"loc":{"start":{"line":108,"column":4},"end":{"line":114,"column":null}},"type":"if","locations":[{"start":{"line":108,"column":4},"end":{"line":114,"column":null}},{"start":{},"end":{}}],"line":108},"13":{"loc":{"start":{"line":111,"column":6},"end":{"line":113,"column":null}},"type":"if","locations":[{"start":{"line":111,"column":6},"end":{"line":113,"column":null}},{"start":{},"end":{}}],"line":111},"14":{"loc":{"start":{"line":125,"column":34},"end":{"line":125,"column":72}},"type":"binary-expr","locations":[{"start":{"line":125,"column":34},"end":{"line":125,"column":47}},{"start":{"line":125,"column":47},"end":{"line":125,"column":72}}],"line":125},"15":{"loc":{"start":{"line":134,"column":15},"end":{"line":134,"column":null}},"type":"cond-expr","locations":[{"start":{"line":134,"column":37},"end":{"line":134,"column":61}},{"start":{"line":134,"column":61},"end":{"line":134,"column":null}}],"line":134},"16":{"loc":{"start":{"line":159,"column":6},"end":{"line":162,"column":null}},"type":"if","locations":[{"start":{"line":159,"column":6},"end":{"line":162,"column":null}},{"start":{},"end":{}}],"line":159},"17":{"loc":{"start":{"line":165,"column":4},"end":{"line":167,"column":null}},"type":"if","locations":[{"start":{"line":165,"column":4},"end":{"line":167,"column":null}},{"start":{},"end":{}}],"line":165},"18":{"loc":{"start":{"line":165,"column":8},"end":{"line":165,"column":48}},"type":"binary-expr","locations":[{"start":{"line":165,"column":8},"end":{"line":165,"column":26}},{"start":{"line":165,"column":26},"end":{"line":165,"column":48}}],"line":165},"19":{"loc":{"start":{"line":173,"column":4},"end":{"line":175,"column":null}},"type":"if","locations":[{"start":{"line":173,"column":4},"end":{"line":175,"column":null}},{"start":{},"end":{}}],"line":173},"20":{"loc":{"start":{"line":194,"column":41},"end":{"line":194,"column":74}},"type":"binary-expr","locations":[{"start":{"line":194,"column":41},"end":{"line":194,"column":54}},{"start":{"line":194,"column":54},"end":{"line":194,"column":74}}],"line":194},"21":{"loc":{"start":{"line":226,"column":14},"end":{"line":226,"column":null}},"type":"binary-expr","locations":[{"start":{"line":226,"column":14},"end":{"line":226,"column":39}},{"start":{"line":226,"column":39},"end":{"line":226,"column":null}}],"line":226},"22":{"loc":{"start":{"line":227,"column":14},"end":{"line":227,"column":null}},"type":"binary-expr","locations":[{"start":{"line":227,"column":14},"end":{"line":227,"column":47}},{"start":{"line":227,"column":47},"end":{"line":227,"column":null}}],"line":227},"23":{"loc":{"start":{"line":228,"column":14},"end":{"line":228,"column":null}},"type":"binary-expr","locations":[{"start":{"line":228,"column":14},"end":{"line":228,"column":39}},{"start":{"line":228,"column":39},"end":{"line":228,"column":null}}],"line":228},"24":{"loc":{"start":{"line":229,"column":14},"end":{"line":229,"column":null}},"type":"binary-expr","locations":[{"start":{"line":229,"column":14},"end":{"line":229,"column":39}},{"start":{"line":229,"column":39},"end":{"line":229,"column":null}}],"line":229},"25":{"loc":{"start":{"line":231,"column":6},"end":{"line":233,"column":null}},"type":"if","locations":[{"start":{"line":231,"column":6},"end":{"line":233,"column":null}},{"start":{},"end":{}}],"line":231},"26":{"loc":{"start":{"line":251,"column":12},"end":{"line":251,"column":null}},"type":"binary-expr","locations":[{"start":{"line":251,"column":12},"end":{"line":251,"column":36}},{"start":{"line":251,"column":36},"end":{"line":251,"column":null}}],"line":251},"27":{"loc":{"start":{"line":252,"column":12},"end":{"line":252,"column":null}},"type":"binary-expr","locations":[{"start":{"line":252,"column":12},"end":{"line":252,"column":37}},{"start":{"line":252,"column":37},"end":{"line":252,"column":null}}],"line":252},"28":{"loc":{"start":{"line":253,"column":12},"end":{"line":253,"column":null}},"type":"binary-expr","locations":[{"start":{"line":253,"column":12},"end":{"line":253,"column":36}},{"start":{"line":253,"column":36},"end":{"line":253,"column":null}}],"line":253},"29":{"loc":{"start":{"line":254,"column":12},"end":{"line":254,"column":null}},"type":"binary-expr","locations":[{"start":{"line":254,"column":12},"end":{"line":254,"column":45}},{"start":{"line":254,"column":45},"end":{"line":254,"column":null}}],"line":254},"30":{"loc":{"start":{"line":255,"column":12},"end":{"line":255,"column":null}},"type":"binary-expr","locations":[{"start":{"line":255,"column":12},"end":{"line":255,"column":36}},{"start":{"line":255,"column":36},"end":{"line":255,"column":null}}],"line":255}},"s":{"0":1,"1":0,"2":0,"3":0,"4":0,"5":0,"6":0,"7":0,"8":0,"9":1,"10":0,"11":0,"12":0,"13":0,"14":0,"15":0,"16":0,"17":1,"18":0,"19":0,"20":0,"21":0,"22":0,"23":0,"24":0,"25":0,"26":0,"27":0,"28":0,"29":0,"30":1,"31":0,"32":0,"33":0,"34":0,"35":0,"36":0,"37":0,"38":0,"39":0,"40":0,"41":0,"42":0,"43":0,"44":1,"45":0,"46":0,"47":0,"48":0,"49":0,"50":1,"51":0,"52":0,"53":0,"54":1,"55":1,"56":1,"57":1,"58":1,"59":1,"60":1,"61":1,"62":1,"63":1,"64":1,"65":1,"66":1,"67":0,"68":1,"69":1,"70":0,"71":1,"72":1,"73":0,"74":0,"75":1,"76":0,"77":0,"78":0,"79":0,"80":1,"81":0,"82":0,"83":0,"84":0,"85":0,"86":0,"87":0,"88":0,"89":0,"90":0,"91":1,"92":0,"93":0,"94":0,"95":0,"96":0,"97":0,"98":1,"99":0,"100":0,"101":0,"102":0,"103":0,"104":1,"105":0,"106":0,"107":0,"108":0,"109":1,"110":0,"111":0,"112":0,"113":0,"114":1,"115":0,"116":0,"117":0,"118":0,"119":0,"120":0,"121":1,"122":0,"123":0,"124":0,"125":1,"126":0,"127":0,"128":0,"129":0,"130":1,"131":0,"132":0,"133":0,"134":0,"135":0,"136":1,"137":0,"138":0,"139":0,"140":0,"141":0},"f":{"0":0,"1":0,"2":0,"3":0,"4":0,"5":0,"6":0,"7":0,"8":0,"9":0,"10":1,"11":1,"12":0,"13":0,"14":0,"15":0,"16":0,"17":0,"18":0,"19":0,"20":0,"21":0,"22":0},"b":{"0":[0,0],"1":[0,0],"2":[0,0],"3":[0,0],"4":[0,0],"5":[0,0],"6":[0,0],"7":[0,0],"8":[0,0],"9":[0,0],"10":[0,0],"11":[0,0,0],"12":[0,0],"13":[0,0],"14":[0,0],"15":[0,0],"16":[1,0],"17":[0,1],"18":[1,1],"19":[0,1],"20":[0,0],"21":[0,0],"22":[0,0],"23":[0,0],"24":[0,0],"25":[0,0],"26":[0,0],"27":[0,0],"28":[0,0],"29":[0,0],"30":[0,0]},"meta":{"lastBranch":31,"lastFunction":23,"lastStatement":142,"seen":{"s:6:27:42:Infinity":0,"f:6:27:6:34":0,"s:7:2:41:Infinity":1,"s:8:21:11:Infinity":2,"s:13:23:13:Infinity":3,"s:14:4:37:Infinity":4,"b:15:6:36:Infinity:undefined:undefined:undefined:undefined":0,"s:15:6:36:Infinity":5,"s:16:8:35:Infinity":6,"b:18:30:18:46:18:46:18:Infinity":1,"b:22:20:22:36:22:36:22:Infinity":2,"s:38:4:38:Infinity":7,"s:40:4:40:Infinity":8,"b:40:34:40:47:40:47:40:72":3,"s:44:37:64:Infinity":9,"f:44:37:44:44":1,"s:45:2:63:Infinity":10,"s:46:25:46:Infinity":11,"s:47:21:50:Infinity":12,"s:52:19:59:Infinity":13,"f:52:28:52:33":2,"s:52:42:59:6":14,"b:55:43:55:59:55:59:55:69":4,"s:60:4:60:Infinity":15,"s:62:4:62:Infinity":16,"b:62:34:62:47:62:47:62:73":5,"s:66:28:86:Infinity":17,"f:66:28:66:35":3,"s:67:2:85:Infinity":18,"s:68:30:68:Infinity":19,"s:69:23:69:Infinity":20,"b:70:4:70:Infinity:undefined:undefined:undefined:undefined":6,"s:70:4:70:Infinity":21,"s:70:16:70:Infinity":22,"b:71:4:71:Infinity:undefined:undefined:undefined:undefined":7,"s:71:4:71:Infinity":23,"s:71:15:71:Infinity":24,"s:73:21:73:Infinity":25,"s:74:19:81:Infinity":26,"f:74:28:74:33":4,"s:74:42:81:6":27,"b:77:43:77:59:77:59:77:69":8,"s:82:4:82:Infinity":28,"s:84:4:84:Infinity":29,"b:84:34:84:47:84:47:84:75":9,"s:88:29:127:Infinity":30,"f:88:29:88:36":5,"s:89:2:126:Infinity":31,"s:90:40:90:Infinity":32,"b:91:4:93:Infinity:undefined:undefined:undefined:undefined":10,"s:91:4:93:Infinity":33,"b:91:8:91:19:91:19:91:30:91:30:91:40":11,"s:92:6:92:Infinity":34,"s:95:23:106:Infinity":35,"b:108:4:114:Infinity:undefined:undefined:undefined:undefined":12,"s:108:4:114:Infinity":36,"s:109:23:109:Infinity":37,"s:110:24:110:Infinity":38,"f:110:33:110:39":6,"s:110:45:110:70":39,"b:111:6:113:Infinity:undefined:undefined:undefined:undefined":13,"s:111:6:113:Infinity":40,"s:112:8:112:Infinity":41,"s:116:4:123:Infinity":42,"s:125:4:125:Infinity":43,"b:125:34:125:47:125:47:125:72":14,"s:129:33:139:Infinity":44,"f:129:33:129:40":7,"s:130:2:138:Infinity":45,"s:131:21:131:Infinity":46,"f:131:46:131:54":8,"s:131:60:131:85":47,"s:132:4:135:Infinity":48,"b:134:37:134:61:134:61:134:Infinity":15,"s:137:4:137:Infinity":49,"s:141:36:147:Infinity":50,"f:141:36:141:43":9,"s:142:2:146:Infinity":51,"s:143:4:143:Infinity":52,"s:145:4:145:Infinity":53,"s:149:37:196:Infinity":54,"f:149:37:149:44":10,"s:150:2:195:Infinity":55,"s:151:20:151:Infinity":56,"s:152:20:152:Infinity":57,"f:152:49:152:57":11,"s:152:67:152:92":58,"s:154:24:154:Infinity":59,"s:155:30:155:Infinity":60,"s:157:4:163:Infinity":61,"s:158:6:158:Infinity":62,"b:159:6:162:Infinity:undefined:undefined:undefined:undefined":16,"s:159:6:162:Infinity":63,"s:160:8:160:Infinity":64,"s:161:8:161:Infinity":65,"b:165:4:167:Infinity:undefined:undefined:undefined:undefined":17,"s:165:4:167:Infinity":66,"b:165:8:165:26:165:26:165:48":18,"s:166:6:166:Infinity":67,"s:169:23:171:Infinity":68,"b:173:4:175:Infinity:undefined:undefined:undefined:undefined":19,"s:173:4:175:Infinity":69,"s:174:6:174:Infinity":70,"s:177:4:189:Infinity":71,"s:191:4:191:Infinity":72,"s:193:4:193:Infinity":73,"s:194:4:194:Infinity":74,"b:194:41:194:54:194:54:194:74":20,"s:198:26:208:Infinity":75,"f:198:26:198:33":12,"s:199:2:207:Infinity":76,"s:200:19:203:Infinity":77,"s:204:4:204:Infinity":78,"s:206:4:206:Infinity":79,"s:210:27:242:Infinity":80,"f:210:27:210:34":13,"s:211:2:241:Infinity":81,"s:212:40:212:Infinity":82,"s:213:18:222:Infinity":83,"s:224:4:236:Infinity":84,"s:225:25:230:Infinity":85,"b:226:14:226:39:226:39:226:Infinity":21,"b:227:14:227:47:227:47:227:Infinity":22,"b:228:14:228:39:228:39:228:Infinity":23,"b:229:14:229:39:229:39:229:Infinity":24,"b:231:6:233:Infinity:undefined:undefined:undefined:undefined":25,"s:231:6:233:Infinity":86,"s:232:8:232:Infinity":87,"s:235:6:235:Infinity":88,"s:238:4:238:Infinity":89,"s:240:4:240:Infinity":90,"s:244:27:262:Infinity":91,"f:244:27:244:34":14,"s:245:2:261:Infinity":92,"s:246:19:246:Infinity":93,"s:247:65:247:Infinity":94,"s:248:20:257:Infinity":95,"b:251:12:251:36:251:36:251:Infinity":26,"b:252:12:252:37:252:37:252:Infinity":27,"b:253:12:253:36:253:36:253:Infinity":28,"b:254:12:254:45:254:45:254:Infinity":29,"b:255:12:255:36:255:36:255:Infinity":30,"s:258:4:258:Infinity":96,"s:260:4:260:Infinity":97,"s:264:30:275:Infinity":98,"f:264:30:264:37":15,"s:265:2:274:Infinity":99,"s:266:33:266:Infinity":100,"s:267:4:270:Infinity":101,"s:271:4:271:Infinity":102,"s:273:4:273:Infinity":103,"s:277:35:286:Infinity":104,"f:277:35:277:42":16,"s:278:2:285:Infinity":105,"s:279:22:281:Infinity":106,"s:282:4:282:Infinity":107,"s:284:4:284:Infinity":108,"s:288:33:297:Infinity":109,"f:288:33:288:40":17,"s:289:2:296:Infinity":110,"s:290:23:292:Infinity":111,"s:293:4:293:Infinity":112,"s:295:4:295:Infinity":113,"s:299:35:311:Infinity":114,"f:299:35:299:42":18,"s:300:2:310:Infinity":115,"s:301:19:301:Infinity":116,"s:302:38:302:Infinity":117,"s:303:22:306:Infinity":118,"s:307:4:307:Infinity":119,"s:309:4:309:Infinity":120,"s:313:42:325:Infinity":121,"f:313:42:313:49":19,"s:314:2:324:Infinity":122,"s:315:4:321:Infinity":123,"s:323:4:323:Infinity":124,"s:327:34:336:Infinity":125,"f:327:34:327:41":20,"s:328:2:335:Infinity":126,"s:329:22:331:Infinity":127,"s:332:4:332:Infinity":128,"s:334:4:334:Infinity":129,"s:338:35:353:Infinity":130,"f:338:35:338:42":21,"s:339:2:352:Infinity":131,"s:340:36:340:Infinity":132,"s:341:21:348:Infinity":133,"s:349:4:349:Infinity":134,"s:351:4:351:Infinity":135,"s:355:35:365:Infinity":136,"f:355:35:355:42":22,"s:356:2:364:Infinity":137,"s:357:19:357:Infinity":138,"s:358:4:360:Infinity":139,"s:361:4:361:Infinity":140,"s:363:4:363:Infinity":141},"fnNames":{}}}
,"C:\\Users\\newad\\Desktop\\YadroOS\\backend\\src\\services\\smtp.service.ts": {"path":"C:\\Users\\newad\\Desktop\\YadroOS\\backend\\src\\services\\smtp.service.ts","statementMap":{"0":{"start":{"line":3,"column":27},"end":{"line":25,"column":null}},"1":{"start":{"line":5,"column":4},"end":{"line":13,"column":null}},"2":{"start":{"line":17,"column":24},"end":{"line":17,"column":null}},"3":{"start":{"line":18,"column":4},"end":{"line":23,"column":null}}},"fnMap":{"0":{"name":"createTransporter","decl":{"start":{"line":4,"column":2},"end":{"line":4,"column":20}},"loc":{"start":{"line":4,"column":88},"end":{"line":14,"column":null}},"line":4},"1":{"name":"sendEmail","decl":{"start":{"line":16,"column":8},"end":{"line":16,"column":18}},"loc":{"start":{"line":16,"column":74},"end":{"line":24,"column":null}},"line":16}},"branchMap":{},"s":{"0":1,"1":0,"2":0,"3":0},"f":{"0":0,"1":0},"b":{},"meta":{"lastBranch":0,"lastFunction":2,"lastStatement":4,"seen":{"s:3:27:25:Infinity":0,"f:4:2:4:20":0,"s:5:4:13:Infinity":1,"f:16:8:16:18":1,"s:17:24:17:Infinity":2,"s:18:4:23:Infinity":3},"fnNames":{}}}
,"C:\\Users\\newad\\Desktop\\YadroOS\\src\\pages\\dashboard\\IntegrationConfigModal.tsx": {"path":"C:\\Users\\newad\\Desktop\\YadroOS\\src\\pages\\dashboard\\IntegrationConfigModal.tsx","statementMap":{"0":{"start":{"line":15,"column":13},"end":{"line":81,"column":null}},"1":{"start":{"line":20,"column":36},"end":{"line":22,"column":null}},"2":{"start":{"line":21,"column":4},"end":{"line":21,"column":null}},"3":{"start":{"line":23,"column":28},"end":{"line":23,"column":null}},"4":{"start":{"line":24,"column":30},"end":{"line":24,"column":null}},"5":{"start":{"line":26,"column":21},"end":{"line":42,"column":null}},"6":{"start":{"line":27,"column":4},"end":{"line":41,"column":null}},"7":{"start":{"line":28,"column":6},"end":{"line":28,"column":null}},"8":{"start":{"line":29,"column":21},"end":{"line":29,"column":null}},"9":{"start":{"line":30,"column":6},"end":{"line":30,"column":null}},"10":{"start":{"line":31,"column":6},"end":{"line":31,"column":null}},"11":{"start":{"line":32,"column":6},"end":{"line":32,"column":null}},"12":{"start":{"line":34,"column":6},"end":{"line":38,"column":null}},"13":{"start":{"line":35,"column":8},"end":{"line":35,"column":null}},"14":{"start":{"line":37,"column":8},"end":{"line":37,"column":null}},"15":{"start":{"line":40,"column":6},"end":{"line":40,"column":null}},"16":{"start":{"line":44,"column":2},"end":{"line":79,"column":null}},"17":{"start":{"line":57,"column":29},"end":{"line":57,"column":null}}},"fnMap":{"0":{"name":"(anonymous_0)","decl":{"start":{"line":15,"column":13},"end":{"line":15,"column":78}},"loc":{"start":{"line":19,"column":6},"end":{"line":81,"column":null}},"line":19},"1":{"name":"(anonymous_1)","decl":{"start":{"line":20,"column":36},"end":{"line":20,"column":51}},"loc":{"start":{"line":20,"column":51},"end":{"line":22,"column":3}},"line":20},"2":{"name":"(anonymous_2)","decl":{"start":{"line":26,"column":21},"end":{"line":26,"column":33}},"loc":{"start":{"line":26,"column":33},"end":{"line":42,"column":null}},"line":26},"3":{"name":"(anonymous_3)","decl":{"start":{"line":57,"column":12},"end":{"line":57,"column":23}},"loc":{"start":{"line":57,"column":29},"end":{"line":57,"column":null}},"line":57}},"branchMap":{"0":{"loc":{"start":{"line":21,"column":26},"end":{"line":21,"column":58}},"type":"binary-expr","locations":[{"start":{"line":21,"column":26},"end":{"line":21,"column":54}},{"start":{"line":21,"column":54},"end":{"line":21,"column":58}}],"line":21},"1":{"loc":{"start":{"line":34,"column":6},"end":{"line":38,"column":null}},"type":"if","locations":[{"start":{"line":34,"column":6},"end":{"line":38,"column":null}},{"start":{"line":36,"column":13},"end":{"line":38,"column":null}}],"line":34},"2":{"loc":{"start":{"line":37,"column":17},"end":{"line":37,"column":60}},"type":"binary-expr","locations":[{"start":{"line":37,"column":17},"end":{"line":37,"column":30}},{"start":{"line":37,"column":30},"end":{"line":37,"column":60}}],"line":37},"3":{"loc":{"start":{"line":61,"column":11},"end":{"line":61,"column":null}},"type":"binary-expr","locations":[{"start":{"line":61,"column":11},"end":{"line":61,"column":20}},{"start":{"line":61,"column":20},"end":{"line":61,"column":null}}],"line":61},"4":{"loc":{"start":{"line":75,"column":13},"end":{"line":75,"column":null}},"type":"cond-expr","locations":[{"start":{"line":75,"column":22},"end":{"line":75,"column":36}},{"start":{"line":75,"column":36},"end":{"line":75,"column":null}}],"line":75}},"s":{"0":1,"1":0,"2":0,"3":0,"4":0,"5":0,"6":0,"7":0,"8":0,"9":0,"10":0,"11":0,"12":0,"13":0,"14":0,"15":0,"16":0,"17":0},"f":{"0":0,"1":0,"2":0,"3":0},"b":{"0":[0,0],"1":[0,0],"2":[0,0],"3":[0,0],"4":[0,0]},"meta":{"lastBranch":5,"lastFunction":4,"lastStatement":18,"seen":{"s:15:13:81:Infinity":0,"f:15:13:15:78":0,"s:20:36:22:Infinity":1,"f:20:36:20:51":1,"s:21:4:21:Infinity":2,"b:21:26:21:54:21:54:21:58":0,"s:23:28:23:Infinity":3,"s:24:30:24:Infinity":4,"s:26:21:42:Infinity":5,"f:26:21:26:33":2,"s:27:4:41:Infinity":6,"s:28:6:28:Infinity":7,"s:29:21:29:Infinity":8,"s:30:6:30:Infinity":9,"s:31:6:31:Infinity":10,"s:32:6:32:Infinity":11,"b:34:6:38:Infinity:36:13:38:Infinity":1,"s:34:6:38:Infinity":12,"s:35:8:35:Infinity":13,"s:37:8:37:Infinity":14,"b:37:17:37:30:37:30:37:60":2,"s:40:6:40:Infinity":15,"s:44:2:79:Infinity":16,"f:57:12:57:23":3,"s:57:29:57:Infinity":17,"b:61:11:61:20:61:20:61:Infinity":3,"b:75:22:75:36:75:36:75:Infinity":4},"fnNames":{}}}
,"C:\\Users\\newad\\Desktop\\YadroOS\\src\\pages\\dashboard\\IntegrationsPage.tsx": {"path":"C:\\Users\\newad\\Desktop\\YadroOS\\src\\pages\\dashboard\\IntegrationsPage.tsx","statementMap":{"0":{"start":{"line":22,"column":13},"end":{"line":279,"column":null}},"1":{"start":{"line":23,"column":40},"end":{"line":23,"column":null}},"2":{"start":{"line":24,"column":32},"end":{"line":24,"column":null}},"3":{"start":{"line":25,"column":60},"end":{"line":27,"column":null}},"4":{"start":{"line":29,"column":27},"end":{"line":46,"column":null}},"5":{"start":{"line":30,"column":4},"end":{"line":30,"column":null}},"6":{"start":{"line":30,"column":32},"end":{"line":30,"column":null}},"7":{"start":{"line":31,"column":15},"end":{"line":31,"column":null}},"8":{"start":{"line":33,"column":4},"end":{"line":38,"column":null}},"9":{"start":{"line":34,"column":22},"end":{"line":34,"column":null}},"10":{"start":{"line":34,"column":46},"end":{"line":34,"column":96}},"11":{"start":{"line":35,"column":6},"end":{"line":35,"column":null}},"12":{"start":{"line":36,"column":6},"end":{"line":36,"column":null}},"13":{"start":{"line":37,"column":6},"end":{"line":37,"column":null}},"14":{"start":{"line":40,"column":4},"end":{"line":45,"column":null}},"15":{"start":{"line":41,"column":6},"end":{"line":41,"column":null}},"16":{"start":{"line":42,"column":6},"end":{"line":42,"column":null}},"17":{"start":{"line":44,"column":6},"end":{"line":44,"column":null}},"18":{"start":{"line":48,"column":27},"end":{"line":78,"column":null}},"19":{"start":{"line":49,"column":4},"end":{"line":77,"column":null}},"20":{"start":{"line":50,"column":6},"end":{"line":70,"column":null}},"21":{"start":{"line":51,"column":23},"end":{"line":51,"column":null}},"22":{"start":{"line":52,"column":8},"end":{"line":67,"column":null}},"23":{"start":{"line":53,"column":10},"end":{"line":53,"column":null}},"24":{"start":{"line":55,"column":26},"end":{"line":64,"column":null}},"25":{"start":{"line":65,"column":10},"end":{"line":65,"column":null}},"26":{"start":{"line":66,"column":10},"end":{"line":66,"column":null}},"27":{"start":{"line":68,"column":8},"end":{"line":68,"column":null}},"28":{"start":{"line":69,"column":8},"end":{"line":69,"column":null}},"29":{"start":{"line":71,"column":23},"end":{"line":71,"column":null}},"30":{"start":{"line":72,"column":6},"end":{"line":72,"column":null}},"31":{"start":{"line":74,"column":6},"end":{"line":74,"column":null}},"32":{"start":{"line":76,"column":6},"end":{"line":76,"column":null}},"33":{"start":{"line":80,"column":2},"end":{"line":82,"column":null}},"34":{"start":{"line":81,"column":4},"end":{"line":81,"column":null}},"35":{"start":{"line":84,"column":24},"end":{"line":114,"column":null}},"36":{"start":{"line":85,"column":18},"end":{"line":85,"column":null}},"37":{"start":{"line":86,"column":4},"end":{"line":86,"column":null}},"38":{"start":{"line":86,"column":16},"end":{"line":86,"column":null}},"39":{"start":{"line":88,"column":4},"end":{"line":102,"column":null}},"40":{"start":{"line":89,"column":22},"end":{"line":97,"column":null}},"41":{"start":{"line":98,"column":22},"end":{"line":98,"column":null}},"42":{"start":{"line":99,"column":6},"end":{"line":99,"column":null}},"43":{"start":{"line":100,"column":6},"end":{"line":100,"column":null}},"44":{"start":{"line":101,"column":6},"end":{"line":101,"column":null}},"45":{"start":{"line":104,"column":4},"end":{"line":113,"column":null}},"46":{"start":{"line":105,"column":6},"end":{"line":109,"column":null}},"47":{"start":{"line":110,"column":6},"end":{"line":110,"column":null}},"48":{"start":{"line":112,"column":6},"end":{"line":112,"column":null}},"49":{"start":{"line":116,"column":23},"end":{"line":131,"column":null}},"50":{"start":{"line":117,"column":4},"end":{"line":117,"column":null}},"51":{"start":{"line":117,"column":71},"end":{"line":117,"column":null}},"52":{"start":{"line":119,"column":4},"end":{"line":124,"column":null}},"53":{"start":{"line":120,"column":22},"end":{"line":120,"column":null}},"54":{"start":{"line":120,"column":48},"end":{"line":120,"column":59}},"55":{"start":{"line":121,"column":6},"end":{"line":121,"column":null}},"56":{"start":{"line":122,"column":6},"end":{"line":122,"column":null}},"57":{"start":{"line":123,"column":6},"end":{"line":123,"column":null}},"58":{"start":{"line":125,"column":4},"end":{"line":130,"column":null}},"59":{"start":{"line":126,"column":6},"end":{"line":126,"column":null}},"60":{"start":{"line":127,"column":6},"end":{"line":127,"column":null}},"61":{"start":{"line":129,"column":6},"end":{"line":129,"column":null}},"62":{"start":{"line":133,"column":2},"end":{"line":277,"column":null}},"63":{"start":{"line":157,"column":31},"end":{"line":157,"column":null}},"64":{"start":{"line":194,"column":31},"end":{"line":194,"column":null}},"65":{"start":{"line":213,"column":31},"end":{"line":213,"column":null}},"66":{"start":{"line":235,"column":16},"end":{"line":263,"column":null}},"67":{"start":{"line":251,"column":37},"end":{"line":251,"column":null}},"68":{"start":{"line":257,"column":37},"end":{"line":257,"column":null}},"69":{"start":{"line":273,"column":25},"end":{"line":273,"column":null}}},"fnMap":{"0":{"name":"(anonymous_0)","decl":{"start":{"line":22,"column":13},"end":{"line":22,"column":38}},"loc":{"start":{"line":22,"column":38},"end":{"line":279,"column":null}},"line":22},"1":{"name":"(anonymous_1)","decl":{"start":{"line":29,"column":27},"end":{"line":29,"column":34}},"loc":{"start":{"line":29,"column":50},"end":{"line":46,"column":null}},"line":29},"2":{"name":"(anonymous_2)","decl":{"start":{"line":34,"column":34},"end":{"line":34,"column":39}},"loc":{"start":{"line":34,"column":46},"end":{"line":34,"column":96}},"line":34},"3":{"name":"(anonymous_3)","decl":{"start":{"line":48,"column":27},"end":{"line":48,"column":39}},"loc":{"start":{"line":48,"column":39},"end":{"line":78,"column":null}},"line":48},"4":{"name":"(anonymous_4)","decl":{"start":{"line":80,"column":2},"end":{"line":80,"column":18}},"loc":{"start":{"line":80,"column":18},"end":{"line":82,"column":5}},"line":80},"5":{"name":"(anonymous_5)","decl":{"start":{"line":84,"column":24},"end":{"line":84,"column":31}},"loc":{"start":{"line":84,"column":52},"end":{"line":114,"column":null}},"line":84},"6":{"name":"(anonymous_6)","decl":{"start":{"line":116,"column":23},"end":{"line":116,"column":30}},"loc":{"start":{"line":116,"column":45},"end":{"line":131,"column":null}},"line":116},"7":{"name":"(anonymous_7)","decl":{"start":{"line":120,"column":34},"end":{"line":120,"column":42}},"loc":{"start":{"line":120,"column":48},"end":{"line":120,"column":59}},"line":120},"8":{"name":"(anonymous_8)","decl":{"start":{"line":157,"column":16},"end":{"line":157,"column":31}},"loc":{"start":{"line":157,"column":31},"end":{"line":157,"column":null}},"line":157},"9":{"name":"(anonymous_9)","decl":{"start":{"line":194,"column":16},"end":{"line":194,"column":31}},"loc":{"start":{"line":194,"column":31},"end":{"line":194,"column":null}},"line":194},"10":{"name":"(anonymous_10)","decl":{"start":{"line":213,"column":16},"end":{"line":213,"column":31}},"loc":{"start":{"line":213,"column":31},"end":{"line":213,"column":null}},"line":213},"11":{"name":"(anonymous_11)","decl":{"start":{"line":234,"column":27},"end":{"line":234,"column":32}},"loc":{"start":{"line":235,"column":16},"end":{"line":263,"column":null}},"line":235},"12":{"name":"(anonymous_12)","decl":{"start":{"line":251,"column":22},"end":{"line":251,"column":37}},"loc":{"start":{"line":251,"column":37},"end":{"line":251,"column":null}},"line":251},"13":{"name":"(anonymous_13)","decl":{"start":{"line":257,"column":22},"end":{"line":257,"column":37}},"loc":{"start":{"line":257,"column":37},"end":{"line":257,"column":null}},"line":257},"14":{"name":"(anonymous_14)","decl":{"start":{"line":273,"column":10},"end":{"line":273,"column":25}},"loc":{"start":{"line":273,"column":25},"end":{"line":273,"column":null}},"line":273}},"branchMap":{"0":{"loc":{"start":{"line":30,"column":4},"end":{"line":30,"column":null}},"type":"if","locations":[{"start":{"line":30,"column":4},"end":{"line":30,"column":null}},{"start":{},"end":{}}],"line":30},"1":{"loc":{"start":{"line":33,"column":4},"end":{"line":38,"column":null}},"type":"if","locations":[{"start":{"line":33,"column":4},"end":{"line":38,"column":null}},{"start":{},"end":{}}],"line":33},"2":{"loc":{"start":{"line":34,"column":46},"end":{"line":34,"column":96}},"type":"cond-expr","locations":[{"start":{"line":34,"column":60},"end":{"line":34,"column":94}},{"start":{"line":34,"column":94},"end":{"line":34,"column":96}}],"line":34},"3":{"loc":{"start":{"line":50,"column":6},"end":{"line":70,"column":null}},"type":"if","locations":[{"start":{"line":50,"column":6},"end":{"line":70,"column":null}},{"start":{},"end":{}}],"line":50},"4":{"loc":{"start":{"line":52,"column":8},"end":{"line":67,"column":null}},"type":"if","locations":[{"start":{"line":52,"column":8},"end":{"line":67,"column":null}},{"start":{"line":54,"column":15},"end":{"line":67,"column":null}}],"line":52},"5":{"loc":{"start":{"line":86,"column":4},"end":{"line":86,"column":null}},"type":"if","locations":[{"start":{"line":86,"column":4},"end":{"line":86,"column":null}},{"start":{},"end":{}}],"line":86},"6":{"loc":{"start":{"line":88,"column":4},"end":{"line":102,"column":null}},"type":"if","locations":[{"start":{"line":88,"column":4},"end":{"line":102,"column":null}},{"start":{},"end":{}}],"line":88},"7":{"loc":{"start":{"line":96,"column":23},"end":{"line":96,"column":null}},"type":"cond-expr","locations":[{"start":{"line":96,"column":47},"end":{"line":96,"column":67}},{"start":{"line":96,"column":67},"end":{"line":96,"column":null}}],"line":96},"8":{"loc":{"start":{"line":108,"column":21},"end":{"line":108,"column":null}},"type":"cond-expr","locations":[{"start":{"line":108,"column":45},"end":{"line":108,"column":65}},{"start":{"line":108,"column":65},"end":{"line":108,"column":null}}],"line":108},"9":{"loc":{"start":{"line":117,"column":4},"end":{"line":117,"column":null}},"type":"if","locations":[{"start":{"line":117,"column":4},"end":{"line":117,"column":null}},{"start":{},"end":{}}],"line":117},"10":{"loc":{"start":{"line":119,"column":4},"end":{"line":124,"column":null}},"type":"if","locations":[{"start":{"line":119,"column":4},"end":{"line":124,"column":null}},{"start":{},"end":{}}],"line":119},"11":{"loc":{"start":{"line":228,"column":11},"end":{"line":267,"column":null}},"type":"cond-expr","locations":[{"start":{"line":229,"column":12},"end":{"line":230,"column":26}},{"start":{"line":230,"column":14},"end":{"line":267,"column":null}}],"line":228},"12":{"loc":{"start":{"line":230,"column":14},"end":{"line":267,"column":null}},"type":"cond-expr","locations":[{"start":{"line":231,"column":12},"end":{"line":233,"column":13}},{"start":{"line":233,"column":12},"end":{"line":267,"column":null}}],"line":230},"13":{"loc":{"start":{"line":270,"column":7},"end":{"line":275,"column":null}},"type":"binary-expr","locations":[{"start":{"line":270,"column":7},"end":{"line":270,"column":null}},{"start":{"line":271,"column":8},"end":{"line":275,"column":null}}],"line":270}},"s":{"0":1,"1":3,"2":3,"3":3,"4":3,"5":0,"6":0,"7":0,"8":0,"9":0,"10":0,"11":0,"12":0,"13":0,"14":0,"15":0,"16":0,"17":0,"18":3,"19":1,"20":1,"21":1,"22":1,"23":0,"24":1,"25":1,"26":1,"27":1,"28":1,"29":0,"30":0,"31":0,"32":1,"33":3,"34":1,"35":3,"36":1,"37":1,"38":0,"39":1,"40":1,"41":1,"42":1,"43":1,"44":1,"45":0,"46":0,"47":0,"48":0,"49":3,"50":0,"51":0,"52":0,"53":0,"54":0,"55":0,"56":0,"57":0,"58":0,"59":0,"60":0,"61":0,"62":3,"63":1,"64":0,"65":0,"66":3,"67":0,"68":0,"69":0},"f":{"0":3,"1":0,"2":0,"3":1,"4":1,"5":1,"6":0,"7":0,"8":1,"9":0,"10":0,"11":3,"12":0,"13":0,"14":0},"b":{"0":[0,0],"1":[0,0],"2":[0,0],"3":[1,0],"4":[0,1],"5":[0,1],"6":[1,0],"7":[0,1],"8":[0,0],"9":[0,0],"10":[0,0],"11":[1,2],"12":[0,2],"13":[3,0]},"meta":{"lastBranch":14,"lastFunction":15,"lastStatement":70,"seen":{"s:22:13:279:Infinity":0,"f:22:13:22:38":0,"s:23:40:23:Infinity":1,"s:24:32:24:Infinity":2,"s:25:60:27:Infinity":3,"s:29:27:46:Infinity":4,"f:29:27:29:34":1,"b:30:4:30:Infinity:undefined:undefined:undefined:undefined":0,"s:30:4:30:Infinity":5,"s:30:32:30:Infinity":6,"s:31:15:31:Infinity":7,"b:33:4:38:Infinity:undefined:undefined:undefined:undefined":1,"s:33:4:38:Infinity":8,"s:34:22:34:Infinity":9,"f:34:34:34:39":2,"s:34:46:34:96":10,"b:34:60:34:94:34:94:34:96":2,"s:35:6:35:Infinity":11,"s:36:6:36:Infinity":12,"s:37:6:37:Infinity":13,"s:40:4:45:Infinity":14,"s:41:6:41:Infinity":15,"s:42:6:42:Infinity":16,"s:44:6:44:Infinity":17,"s:48:27:78:Infinity":18,"f:48:27:48:39":3,"s:49:4:77:Infinity":19,"b:50:6:70:Infinity:undefined:undefined:undefined:undefined":3,"s:50:6:70:Infinity":20,"s:51:23:51:Infinity":21,"b:52:8:67:Infinity:54:15:67:Infinity":4,"s:52:8:67:Infinity":22,"s:53:10:53:Infinity":23,"s:55:26:64:Infinity":24,"s:65:10:65:Infinity":25,"s:66:10:66:Infinity":26,"s:68:8:68:Infinity":27,"s:69:8:69:Infinity":28,"s:71:23:71:Infinity":29,"s:72:6:72:Infinity":30,"s:74:6:74:Infinity":31,"s:76:6:76:Infinity":32,"s:80:2:82:Infinity":33,"f:80:2:80:18":4,"s:81:4:81:Infinity":34,"s:84:24:114:Infinity":35,"f:84:24:84:31":5,"s:85:18:85:Infinity":36,"b:86:4:86:Infinity:undefined:undefined:undefined:undefined":5,"s:86:4:86:Infinity":37,"s:86:16:86:Infinity":38,"b:88:4:102:Infinity:undefined:undefined:undefined:undefined":6,"s:88:4:102:Infinity":39,"s:89:22:97:Infinity":40,"b:96:47:96:67:96:67:96:Infinity":7,"s:98:22:98:Infinity":41,"s:99:6:99:Infinity":42,"s:100:6:100:Infinity":43,"s:101:6:101:Infinity":44,"s:104:4:113:Infinity":45,"s:105:6:109:Infinity":46,"b:108:45:108:65:108:65:108:Infinity":8,"s:110:6:110:Infinity":47,"s:112:6:112:Infinity":48,"s:116:23:131:Infinity":49,"f:116:23:116:30":6,"b:117:4:117:Infinity:undefined:undefined:undefined:undefined":9,"s:117:4:117:Infinity":50,"s:117:71:117:Infinity":51,"b:119:4:124:Infinity:undefined:undefined:undefined:undefined":10,"s:119:4:124:Infinity":52,"s:120:22:120:Infinity":53,"f:120:34:120:42":7,"s:120:48:120:59":54,"s:121:6:121:Infinity":55,"s:122:6:122:Infinity":56,"s:123:6:123:Infinity":57,"s:125:4:130:Infinity":58,"s:126:6:126:Infinity":59,"s:127:6:127:Infinity":60,"s:129:6:129:Infinity":61,"s:133:2:277:Infinity":62,"f:157:16:157:31":8,"s:157:31:157:Infinity":63,"f:194:16:194:31":9,"s:194:31:194:Infinity":64,"f:213:16:213:31":10,"s:213:31:213:Infinity":65,"b:229:12:230:26:230:14:267:Infinity":11,"b:231:12:233:13:233:12:267:Infinity":12,"f:234:27:234:32":11,"s:235:16:263:Infinity":66,"f:251:22:251:37":12,"s:251:37:251:Infinity":67,"f:257:22:257:37":13,"s:257:37:257:Infinity":68,"b:270:7:270:Infinity:271:8:275:Infinity":13,"f:273:10:273:25":14,"s:273:25:273:Infinity":69},"fnNames":{}}}
,"C:\\Users\\newad\\Desktop\\YadroOS\\src\\security\\2fa\\totp.service.ts": {"path":"C:\\Users\\newad\\Desktop\\YadroOS\\src\\security\\2fa\\totp.service.ts","statementMap":{"0":{"start":{"line":27,"column":24},"end":{"line":27,"column":null}},"1":{"start":{"line":28,"column":25},"end":{"line":28,"column":null}},"2":{"start":{"line":29,"column":21},"end":{"line":29,"column":null}},"3":{"start":{"line":31,"column":6},"end":{"line":36,"column":null}},"4":{"start":{"line":32,"column":2},"end":{"line":34,"column":null}},"5":{"start":{"line":33,"column":4},"end":{"line":33,"column":null}},"6":{"start":{"line":35,"column":2},"end":{"line":35,"column":null}},"7":{"start":{"line":38,"column":6},"end":{"line":60,"column":null}},"8":{"start":{"line":39,"column":15},"end":{"line":39,"column":null}},"9":{"start":{"line":40,"column":15},"end":{"line":40,"column":null}},"10":{"start":{"line":41,"column":17},"end":{"line":41,"column":null}},"11":{"start":{"line":43,"column":2},"end":{"line":52,"column":null}},"12":{"start":{"line":44,"column":4},"end":{"line":44,"column":null}},"13":{"start":{"line":45,"column":4},"end":{"line":45,"column":null}},"14":{"start":{"line":47,"column":4},"end":{"line":51,"column":null}},"15":{"start":{"line":48,"column":21},"end":{"line":48,"column":null}},"16":{"start":{"line":49,"column":6},"end":{"line":49,"column":null}},"17":{"start":{"line":50,"column":6},"end":{"line":50,"column":null}},"18":{"start":{"line":54,"column":2},"end":{"line":57,"column":null}},"19":{"start":{"line":55,"column":19},"end":{"line":55,"column":null}},"20":{"start":{"line":56,"column":4},"end":{"line":56,"column":null}},"21":{"start":{"line":59,"column":2},"end":{"line":59,"column":null}},"22":{"start":{"line":62,"column":6},"end":{"line":84,"column":null}},"23":{"start":{"line":63,"column":18},"end":{"line":63,"column":null}},"24":{"start":{"line":64,"column":15},"end":{"line":64,"column":null}},"25":{"start":{"line":65,"column":17},"end":{"line":65,"column":null}},"26":{"start":{"line":66,"column":26},"end":{"line":66,"column":null}},"27":{"start":{"line":68,"column":2},"end":{"line":81,"column":null}},"28":{"start":{"line":69,"column":18},"end":{"line":69,"column":null}},"29":{"start":{"line":70,"column":4},"end":{"line":72,"column":null}},"30":{"start":{"line":71,"column":6},"end":{"line":71,"column":null}},"31":{"start":{"line":74,"column":4},"end":{"line":74,"column":null}},"32":{"start":{"line":75,"column":4},"end":{"line":75,"column":null}},"33":{"start":{"line":77,"column":4},"end":{"line":80,"column":null}},"34":{"start":{"line":78,"column":6},"end":{"line":78,"column":null}},"35":{"start":{"line":79,"column":6},"end":{"line":79,"column":null}},"36":{"start":{"line":83,"column":2},"end":{"line":83,"column":null}},"37":{"start":{"line":86,"column":6},"end":{"line":86,"column":null}},"38":{"start":{"line":86,"column":51},"end":{"line":86,"column":null}},"39":{"start":{"line":88,"column":6},"end":{"line":97,"column":null}},"40":{"start":{"line":89,"column":18},"end":{"line":89,"column":null}},"41":{"start":{"line":90,"column":17},"end":{"line":90,"column":null}},"42":{"start":{"line":91,"column":15},"end":{"line":91,"column":null}},"43":{"start":{"line":92,"column":15},"end":{"line":92,"column":null}},"44":{"start":{"line":93,"column":14},"end":{"line":93,"column":null}},"45":{"start":{"line":94,"column":2},"end":{"line":94,"column":null}},"46":{"start":{"line":95,"column":2},"end":{"line":95,"column":null}},"47":{"start":{"line":96,"column":2},"end":{"line":96,"column":null}},"48":{"start":{"line":99,"column":6},"end":{"line":103,"column":null}},"49":{"start":{"line":100,"column":17},"end":{"line":100,"column":null}},"50":{"start":{"line":101,"column":2},"end":{"line":101,"column":null}},"51":{"start":{"line":102,"column":2},"end":{"line":102,"column":null}},"52":{"start":{"line":105,"column":6},"end":{"line":106,"column":null}},"53":{"start":{"line":106,"column":2},"end":{"line":106,"column":null}},"54":{"start":{"line":106,"column":30},"end":{"line":106,"column":64}},"55":{"start":{"line":108,"column":6},"end":{"line":108,"column":null}},"56":{"start":{"line":108,"column":53},"end":{"line":108,"column":null}},"57":{"start":{"line":112,"column":19},"end":{"line":112,"column":null}},"58":{"start":{"line":113,"column":23},"end":{"line":113,"column":null}},"59":{"start":{"line":114,"column":24},"end":{"line":114,"column":null}},"60":{"start":{"line":115,"column":4},"end":{"line":115,"column":null}},"61":{"start":{"line":119,"column":26},"end":{"line":119,"column":null}},"62":{"start":{"line":120,"column":4},"end":{"line":120,"column":null}},"63":{"start":{"line":124,"column":28},"end":{"line":124,"column":null}},"64":{"start":{"line":125,"column":4},"end":{"line":130,"column":null}},"65":{"start":{"line":125,"column":21},"end":{"line":125,"column":24}},"66":{"start":{"line":126,"column":21},"end":{"line":126,"column":null}},"67":{"start":{"line":127,"column":18},"end":{"line":127,"column":null}},"68":{"start":{"line":128,"column":24},"end":{"line":128,"column":null}},"69":{"start":{"line":129,"column":6},"end":{"line":129,"column":null}},"70":{"start":{"line":131,"column":4},"end":{"line":131,"column":null}},"71":{"start":{"line":135,"column":34},"end":{"line":135,"column":null}},"72":{"start":{"line":136,"column":4},"end":{"line":139,"column":null}},"73":{"start":{"line":138,"column":6},"end":{"line":138,"column":null}},"74":{"start":{"line":140,"column":4},"end":{"line":140,"column":null}},"75":{"start":{"line":144,"column":4},"end":{"line":150,"column":null}},"76":{"start":{"line":146,"column":20},"end":{"line":146,"column":null}},"77":{"start":{"line":147,"column":6},"end":{"line":149,"column":null}},"78":{"start":{"line":148,"column":8},"end":{"line":148,"column":null}},"79":{"start":{"line":151,"column":4},"end":{"line":151,"column":null}},"80":{"start":{"line":160,"column":20},"end":{"line":160,"column":null}},"81":{"start":{"line":161,"column":26},"end":{"line":161,"column":null}},"82":{"start":{"line":163,"column":16},"end":{"line":169,"column":null}},"83":{"start":{"line":171,"column":22},"end":{"line":171,"column":null}},"84":{"start":{"line":172,"column":17},"end":{"line":172,"column":null}},"85":{"start":{"line":173,"column":19},"end":{"line":173,"column":null}},"86":{"start":{"line":174,"column":10},"end":{"line":178,"column":null}},"87":{"start":{"line":179,"column":16},"end":{"line":179,"column":null}},"88":{"start":{"line":180,"column":4},"end":{"line":180,"column":null}},"89":{"start":{"line":184,"column":24},"end":{"line":184,"column":null}},"90":{"start":{"line":185,"column":4},"end":{"line":192,"column":null}},"91":{"start":{"line":185,"column":27},"end":{"line":185,"column":36}},"92":{"start":{"line":186,"column":24},"end":{"line":186,"column":null}},"93":{"start":{"line":188,"column":24},"end":{"line":188,"column":null}},"94":{"start":{"line":189,"column":6},"end":{"line":191,"column":null}},"95":{"start":{"line":190,"column":8},"end":{"line":190,"column":null}},"96":{"start":{"line":193,"column":4},"end":{"line":193,"column":null}},"97":{"start":{"line":197,"column":44},"end":{"line":197,"column":null}},"98":{"start":{"line":198,"column":16},"end":{"line":198,"column":null}},"99":{"start":{"line":199,"column":19},"end":{"line":199,"column":null}},"100":{"start":{"line":200,"column":41},"end":{"line":200,"column":null}},"101":{"start":{"line":201,"column":24},"end":{"line":201,"column":null}},"102":{"start":{"line":202,"column":46},"end":{"line":202,"column":null}},"103":{"start":{"line":203,"column":4},"end":{"line":203,"column":null}},"104":{"start":{"line":204,"column":4},"end":{"line":206,"column":null}},"105":{"start":{"line":205,"column":6},"end":{"line":205,"column":null}},"106":{"start":{"line":210,"column":16},"end":{"line":210,"column":null}},"107":{"start":{"line":211,"column":4},"end":{"line":213,"column":null}},"108":{"start":{"line":212,"column":6},"end":{"line":212,"column":null}},"109":{"start":{"line":214,"column":22},"end":{"line":214,"column":null}},"110":{"start":{"line":215,"column":4},"end":{"line":217,"column":null}},"111":{"start":{"line":216,"column":6},"end":{"line":216,"column":null}},"112":{"start":{"line":218,"column":44},"end":{"line":218,"column":null}},"113":{"start":{"line":219,"column":16},"end":{"line":219,"column":null}},"114":{"start":{"line":220,"column":25},"end":{"line":220,"column":null}},"115":{"start":{"line":220,"column":50},"end":{"line":220,"column":71}},"116":{"start":{"line":221,"column":4},"end":{"line":221,"column":null}},"117":{"start":{"line":222,"column":4},"end":{"line":227,"column":null}},"118":{"start":{"line":224,"column":6},"end":{"line":226,"column":null}},"119":{"start":{"line":225,"column":8},"end":{"line":225,"column":null}},"120":{"start":{"line":228,"column":4},"end":{"line":228,"column":null}},"121":{"start":{"line":232,"column":27},"end":{"line":232,"column":null}}},"fnMap":{"0":{"name":"(anonymous_0)","decl":{"start":{"line":31,"column":6},"end":{"line":31,"column":38}},"loc":{"start":{"line":31,"column":38},"end":{"line":36,"column":1}},"line":31},"1":{"name":"(anonymous_1)","decl":{"start":{"line":38,"column":6},"end":{"line":38,"column":22}},"loc":{"start":{"line":38,"column":52},"end":{"line":60,"column":null}},"line":38},"2":{"name":"(anonymous_2)","decl":{"start":{"line":43,"column":8},"end":{"line":43,"column":17}},"loc":{"start":{"line":43,"column":26},"end":{"line":52,"column":3}},"line":43},"3":{"name":"(anonymous_3)","decl":{"start":{"line":62,"column":6},"end":{"line":62,"column":22}},"loc":{"start":{"line":62,"column":52},"end":{"line":84,"column":null}},"line":62},"4":{"name":"(anonymous_4)","decl":{"start":{"line":86,"column":6},"end":{"line":86,"column":17}},"loc":{"start":{"line":86,"column":51},"end":{"line":86,"column":null}},"line":86},"5":{"name":"(anonymous_5)","decl":{"start":{"line":88,"column":6},"end":{"line":88,"column":24}},"loc":{"start":{"line":88,"column":72},"end":{"line":97,"column":null}},"line":88},"6":{"name":"(anonymous_6)","decl":{"start":{"line":99,"column":6},"end":{"line":99,"column":27}},"loc":{"start":{"line":99,"column":27},"end":{"line":103,"column":null}},"line":99},"7":{"name":"(anonymous_7)","decl":{"start":{"line":105,"column":6},"end":{"line":105,"column":15}},"loc":{"start":{"line":106,"column":2},"end":{"line":106,"column":null}},"line":106},"8":{"name":"(anonymous_8)","decl":{"start":{"line":106,"column":13},"end":{"line":106,"column":21}},"loc":{"start":{"line":106,"column":30},"end":{"line":106,"column":64}},"line":106},"9":{"name":"(anonymous_9)","decl":{"start":{"line":108,"column":6},"end":{"line":108,"column":34}},"loc":{"start":{"line":108,"column":53},"end":{"line":108,"column":null}},"line":108},"10":{"name":"generateSetupPayload","decl":{"start":{"line":111,"column":15},"end":{"line":111,"column":36}},"loc":{"start":{"line":111,"column":96},"end":{"line":116,"column":null}},"line":111},"11":{"name":"generateQRCode","decl":{"start":{"line":118,"column":15},"end":{"line":118,"column":30}},"loc":{"start":{"line":118,"column":67},"end":{"line":121,"column":null}},"line":118},"12":{"name":"generateBackupCodes","decl":{"start":{"line":123,"column":15},"end":{"line":123,"column":35}},"loc":{"start":{"line":123,"column":66},"end":{"line":132,"column":null}},"line":123},"13":{"name":"hashBackupCodes","decl":{"start":{"line":134,"column":15},"end":{"line":134,"column":31}},"loc":{"start":{"line":134,"column":67},"end":{"line":141,"column":null}},"line":134},"14":{"name":"verifyBackupCode","decl":{"start":{"line":143,"column":15},"end":{"line":143,"column":32}},"loc":{"start":{"line":143,"column":87},"end":{"line":152,"column":null}},"line":143},"15":{"name":"generateToken","decl":{"start":{"line":154,"column":15},"end":{"line":154,"column":null}},"loc":{"start":{"line":159,"column":21},"end":{"line":181,"column":null}},"line":159},"16":{"name":"verifyToken","decl":{"start":{"line":183,"column":15},"end":{"line":183,"column":27}},"loc":{"start":{"line":183,"column":95},"end":{"line":194,"column":null}},"line":183},"17":{"name":"rememberDevice","decl":{"start":{"line":196,"column":15},"end":{"line":196,"column":30}},"loc":{"start":{"line":196,"column":77},"end":{"line":207,"column":null}},"line":196},"18":{"name":"isDeviceRemembered","decl":{"start":{"line":209,"column":15},"end":{"line":209,"column":34}},"loc":{"start":{"line":209,"column":86},"end":{"line":229,"column":null}},"line":209},"19":{"name":"(anonymous_19)","decl":{"start":{"line":220,"column":32},"end":{"line":220,"column":40}},"loc":{"start":{"line":220,"column":50},"end":{"line":220,"column":71}},"line":220}},"branchMap":{"0":{"loc":{"start":{"line":32,"column":2},"end":{"line":34,"column":null}},"type":"if","locations":[{"start":{"line":32,"column":2},"end":{"line":34,"column":null}},{"start":{},"end":{}}],"line":32},"1":{"loc":{"start":{"line":32,"column":6},"end":{"line":32,"column":62}},"type":"binary-expr","locations":[{"start":{"line":32,"column":6},"end":{"line":32,"column":43}},{"start":{"line":32,"column":43},"end":{"line":32,"column":62}}],"line":32},"2":{"loc":{"start":{"line":54,"column":2},"end":{"line":57,"column":null}},"type":"if","locations":[{"start":{"line":54,"column":2},"end":{"line":57,"column":null}},{"start":{},"end":{}}],"line":54},"3":{"loc":{"start":{"line":70,"column":4},"end":{"line":72,"column":null}},"type":"if","locations":[{"start":{"line":70,"column":4},"end":{"line":72,"column":null}},{"start":{},"end":{}}],"line":70},"4":{"loc":{"start":{"line":77,"column":4},"end":{"line":80,"column":null}},"type":"if","locations":[{"start":{"line":77,"column":4},"end":{"line":80,"column":null}},{"start":{},"end":{}}],"line":77},"5":{"loc":{"start":{"line":88,"column":24},"end":{"line":88,"column":48}},"type":"default-arg","locations":[{"start":{"line":88,"column":36},"end":{"line":88,"column":48}}],"line":88},"6":{"loc":{"start":{"line":88,"column":48},"end":{"line":88,"column":72}},"type":"default-arg","locations":[{"start":{"line":88,"column":55},"end":{"line":88,"column":72}}],"line":88},"7":{"loc":{"start":{"line":123,"column":35},"end":{"line":123,"column":66}},"type":"default-arg","locations":[{"start":{"line":123,"column":43},"end":{"line":123,"column":66}}],"line":123},"8":{"loc":{"start":{"line":147,"column":6},"end":{"line":149,"column":null}},"type":"if","locations":[{"start":{"line":147,"column":6},"end":{"line":149,"column":null}},{"start":{},"end":{}}],"line":147},"9":{"loc":{"start":{"line":156,"column":4},"end":{"line":156,"column":null}},"type":"default-arg","locations":[{"start":{"line":156,"column":16},"end":{"line":156,"column":null}}],"line":156},"10":{"loc":{"start":{"line":157,"column":4},"end":{"line":157,"column":null}},"type":"default-arg","locations":[{"start":{"line":157,"column":11},"end":{"line":157,"column":null}}],"line":157},"11":{"loc":{"start":{"line":158,"column":4},"end":{"line":158,"column":null}},"type":"default-arg","locations":[{"start":{"line":158,"column":13},"end":{"line":158,"column":null}}],"line":158},"12":{"loc":{"start":{"line":183,"column":44},"end":{"line":183,"column":95}},"type":"default-arg","locations":[{"start":{"line":183,"column":53},"end":{"line":183,"column":95}}],"line":183},"13":{"loc":{"start":{"line":189,"column":6},"end":{"line":191,"column":null}},"type":"if","locations":[{"start":{"line":189,"column":6},"end":{"line":191,"column":null}},{"start":{},"end":{}}],"line":189},"14":{"loc":{"start":{"line":201,"column":24},"end":{"line":201,"column":null}},"type":"cond-expr","locations":[{"start":{"line":201,"column":62},"end":{"line":201,"column":90}},{"start":{"line":201,"column":90},"end":{"line":201,"column":null}}],"line":201},"15":{"loc":{"start":{"line":202,"column":46},"end":{"line":202,"column":null}},"type":"cond-expr","locations":[{"start":{"line":202,"column":60},"end":{"line":202,"column":86}},{"start":{"line":202,"column":86},"end":{"line":202,"column":null}}],"line":202},"16":{"loc":{"start":{"line":204,"column":4},"end":{"line":206,"column":null}},"type":"if","locations":[{"start":{"line":204,"column":4},"end":{"line":206,"column":null}},{"start":{},"end":{}}],"line":204},"17":{"loc":{"start":{"line":211,"column":4},"end":{"line":213,"column":null}},"type":"if","locations":[{"start":{"line":211,"column":4},"end":{"line":213,"column":null}},{"start":{},"end":{}}],"line":211},"18":{"loc":{"start":{"line":215,"column":4},"end":{"line":217,"column":null}},"type":"if","locations":[{"start":{"line":215,"column":4},"end":{"line":217,"column":null}},{"start":{},"end":{}}],"line":215},"19":{"loc":{"start":{"line":224,"column":6},"end":{"line":226,"column":null}},"type":"if","locations":[{"start":{"line":224,"column":6},"end":{"line":226,"column":null}},{"start":{},"end":{}}],"line":224}},"s":{"0":1,"1":1,"2":1,"3":1,"4":1,"5":1,"6":0,"7":1,"8":1,"9":1,"10":1,"11":1,"12":20,"13":20,"14":20,"15":32,"16":32,"17":32,"18":1,"19":0,"20":0,"21":1,"22":1,"23":2,"24":2,"25":2,"26":2,"27":2,"28":64,"29":64,"30":0,"31":64,"32":64,"33":64,"34":40,"35":40,"36":2,"37":1,"38":2,"39":1,"40":2,"41":2,"42":2,"43":2,"44":2,"45":2,"46":2,"47":2,"48":1,"49":1,"50":1,"51":1,"52":1,"53":20,"54":120,"55":1,"56":0,"57":1,"58":1,"59":1,"60":1,"61":0,"62":0,"63":2,"64":2,"65":2,"66":20,"67":20,"68":20,"69":20,"70":2,"71":1,"72":1,"73":10,"74":1,"75":1,"76":1,"77":1,"78":1,"79":0,"80":2,"81":2,"82":2,"83":2,"84":2,"85":2,"86":2,"87":2,"88":2,"89":1,"90":1,"91":1,"92":1,"93":1,"94":1,"95":1,"96":0,"97":0,"98":0,"99":0,"100":0,"101":0,"102":0,"103":0,"104":0,"105":0,"106":0,"107":0,"108":0,"109":0,"110":0,"111":0,"112":0,"113":0,"114":0,"115":0,"116":0,"117":0,"118":0,"119":0,"120":0,"121":1},"f":{"0":1,"1":1,"2":20,"3":2,"4":2,"5":2,"6":1,"7":20,"8":120,"9":0,"10":1,"11":1,"12":1,"13":1,"14":1,"15":1,"16":1,"17":1,"18":1,"19":0},"b":{"0":[1,0],"1":[1,1],"2":[0,1],"3":[0,64],"4":[40,24],"5":[2],"6":[2],"7":[2],"8":[1,0],"9":[2],"10":[2],"11":[2],"12":[1],"13":[1,0],"14":[0,0],"15":[0,0],"16":[0,0],"17":[0,0],"18":[0,0],"19":[0,0]},"meta":{"lastBranch":20,"lastFunction":20,"lastStatement":122,"seen":{"s:27:24:27:Infinity":0,"s:28:25:28:Infinity":1,"s:29:21:29:Infinity":2,"s:31:6:36:Infinity":3,"f:31:6:31:38":0,"b:32:2:34:Infinity:undefined:undefined:undefined:undefined":0,"s:32:2:34:Infinity":4,"b:32:6:32:43:32:43:32:62":1,"s:33:4:33:Infinity":5,"s:35:2:35:Infinity":6,"s:38:6:60:Infinity":7,"f:38:6:38:22":1,"s:39:15:39:Infinity":8,"s:40:15:40:Infinity":9,"s:41:17:41:Infinity":10,"s:43:2:52:Infinity":11,"f:43:8:43:17":2,"s:44:4:44:Infinity":12,"s:45:4:45:Infinity":13,"s:47:4:51:Infinity":14,"s:48:21:48:Infinity":15,"s:49:6:49:Infinity":16,"s:50:6:50:Infinity":17,"b:54:2:57:Infinity:undefined:undefined:undefined:undefined":2,"s:54:2:57:Infinity":18,"s:55:19:55:Infinity":19,"s:56:4:56:Infinity":20,"s:59:2:59:Infinity":21,"s:62:6:84:Infinity":22,"f:62:6:62:22":3,"s:63:18:63:Infinity":23,"s:64:15:64:Infinity":24,"s:65:17:65:Infinity":25,"s:66:26:66:Infinity":26,"s:68:2:81:Infinity":27,"s:69:18:69:Infinity":28,"b:70:4:72:Infinity:undefined:undefined:undefined:undefined":3,"s:70:4:72:Infinity":29,"s:71:6:71:Infinity":30,"s:74:4:74:Infinity":31,"s:75:4:75:Infinity":32,"b:77:4:80:Infinity:undefined:undefined:undefined:undefined":4,"s:77:4:80:Infinity":33,"s:78:6:78:Infinity":34,"s:79:6:79:Infinity":35,"s:83:2:83:Infinity":36,"s:86:6:86:Infinity":37,"f:86:6:86:17":4,"s:86:51:86:Infinity":38,"s:88:6:97:Infinity":39,"f:88:6:88:24":5,"b:88:36:88:48":5,"b:88:55:88:72":6,"s:89:18:89:Infinity":40,"s:90:17:90:Infinity":41,"s:91:15:91:Infinity":42,"s:92:15:92:Infinity":43,"s:93:14:93:Infinity":44,"s:94:2:94:Infinity":45,"s:95:2:95:Infinity":46,"s:96:2:96:Infinity":47,"s:99:6:103:Infinity":48,"f:99:6:99:27":6,"s:100:17:100:Infinity":49,"s:101:2:101:Infinity":50,"s:102:2:102:Infinity":51,"s:105:6:106:Infinity":52,"f:105:6:105:15":7,"s:106:2:106:Infinity":53,"f:106:13:106:21":8,"s:106:30:106:64":54,"s:108:6:108:Infinity":55,"f:108:6:108:34":9,"s:108:53:108:Infinity":56,"f:111:15:111:36":10,"s:112:19:112:Infinity":57,"s:113:23:113:Infinity":58,"s:114:24:114:Infinity":59,"s:115:4:115:Infinity":60,"f:118:15:118:30":11,"s:119:26:119:Infinity":61,"s:120:4:120:Infinity":62,"f:123:15:123:35":12,"b:123:43:123:66":7,"s:124:28:124:Infinity":63,"s:125:4:130:Infinity":64,"s:125:21:125:24":65,"s:126:21:126:Infinity":66,"s:127:18:127:Infinity":67,"s:128:24:128:Infinity":68,"s:129:6:129:Infinity":69,"s:131:4:131:Infinity":70,"f:134:15:134:31":13,"s:135:34:135:Infinity":71,"s:136:4:139:Infinity":72,"s:138:6:138:Infinity":73,"s:140:4:140:Infinity":74,"f:143:15:143:32":14,"s:144:4:150:Infinity":75,"s:146:20:146:Infinity":76,"b:147:6:149:Infinity:undefined:undefined:undefined:undefined":8,"s:147:6:149:Infinity":77,"s:148:8:148:Infinity":78,"s:151:4:151:Infinity":79,"f:154:15:154:Infinity":15,"b:156:16:156:Infinity":9,"b:157:11:157:Infinity":10,"b:158:13:158:Infinity":11,"s:160:20:160:Infinity":80,"s:161:26:161:Infinity":81,"s:163:16:169:Infinity":82,"s:171:22:171:Infinity":83,"s:172:17:172:Infinity":84,"s:173:19:173:Infinity":85,"s:174:10:178:Infinity":86,"s:179:16:179:Infinity":87,"s:180:4:180:Infinity":88,"f:183:15:183:27":16,"b:183:53:183:95":12,"s:184:24:184:Infinity":89,"s:185:4:192:Infinity":90,"s:185:27:185:36":91,"s:186:24:186:Infinity":92,"s:188:24:188:Infinity":93,"b:189:6:191:Infinity:undefined:undefined:undefined:undefined":13,"s:189:6:191:Infinity":94,"s:190:8:190:Infinity":95,"s:193:4:193:Infinity":96,"f:196:15:196:30":17,"s:197:44:197:Infinity":97,"s:198:16:198:Infinity":98,"s:199:19:199:Infinity":99,"s:200:41:200:Infinity":100,"s:201:24:201:Infinity":101,"b:201:62:201:90:201:90:201:Infinity":14,"s:202:46:202:Infinity":102,"b:202:60:202:86:202:86:202:Infinity":15,"s:203:4:203:Infinity":103,"b:204:4:206:Infinity:undefined:undefined:undefined:undefined":16,"s:204:4:206:Infinity":104,"s:205:6:205:Infinity":105,"f:209:15:209:34":18,"s:210:16:210:Infinity":106,"b:211:4:213:Infinity:undefined:undefined:undefined:undefined":17,"s:211:4:213:Infinity":107,"s:212:6:212:Infinity":108,"s:214:22:214:Infinity":109,"b:215:4:217:Infinity:undefined:undefined:undefined:undefined":18,"s:215:4:217:Infinity":110,"s:216:6:216:Infinity":111,"s:218:44:218:Infinity":112,"s:219:16:219:Infinity":113,"s:220:25:220:Infinity":114,"f:220:32:220:40":19,"s:220:50:220:71":115,"s:221:4:221:Infinity":116,"s:222:4:227:Infinity":117,"b:224:6:226:Infinity:undefined:undefined:undefined:undefined":19,"s:224:6:226:Infinity":118,"s:225:8:225:Infinity":119,"s:228:4:228:Infinity":120,"s:232:27:232:Infinity":121},"fnNames":{}}}
,"C:\\Users\\newad\\Desktop\\YadroOS\\src\\security\\encryption\\hashing.service.ts": {"path":"C:\\Users\\newad\\Desktop\\YadroOS\\src\\security\\encryption\\hashing.service.ts","statementMap":{"0":{"start":{"line":5,"column":23},"end":{"line":5,"column":null}},"1":{"start":{"line":7,"column":51},"end":{"line":11,"column":null}},"2":{"start":{"line":13,"column":6},"end":{"line":13,"column":null}},"3":{"start":{"line":13,"column":42},"end":{"line":13,"column":null}},"4":{"start":{"line":15,"column":13},"end":{"line":15,"column":null}},"5":{"start":{"line":15,"column":58},"end":{"line":15,"column":null}},"6":{"start":{"line":17,"column":30},"end":{"line":33,"column":null}},"7":{"start":{"line":19,"column":4},"end":{"line":19,"column":null}},"8":{"start":{"line":22,"column":4},"end":{"line":22,"column":null}},"9":{"start":{"line":25,"column":4},"end":{"line":25,"column":null}},"10":{"start":{"line":28,"column":4},"end":{"line":28,"column":null}},"11":{"start":{"line":31,"column":4},"end":{"line":31,"column":null}}},"fnMap":{"0":{"name":"(anonymous_0)","decl":{"start":{"line":13,"column":6},"end":{"line":13,"column":19}},"loc":{"start":{"line":13,"column":42},"end":{"line":13,"column":null}},"line":13},"1":{"name":"(anonymous_1)","decl":{"start":{"line":15,"column":13},"end":{"line":15,"column":20}},"loc":{"start":{"line":15,"column":58},"end":{"line":15,"column":null}},"line":15},"2":{"name":"hashPassword","decl":{"start":{"line":18,"column":8},"end":{"line":18,"column":21}},"loc":{"start":{"line":18,"column":39},"end":{"line":20,"column":null}},"line":18},"3":{"name":"hashSecret","decl":{"start":{"line":21,"column":8},"end":{"line":21,"column":19}},"loc":{"start":{"line":21,"column":35},"end":{"line":23,"column":null}},"line":21},"4":{"name":"hashToken","decl":{"start":{"line":24,"column":8},"end":{"line":24,"column":18}},"loc":{"start":{"line":24,"column":33},"end":{"line":26,"column":null}},"line":24},"5":{"name":"comparePassword","decl":{"start":{"line":27,"column":8},"end":{"line":27,"column":24}},"loc":{"start":{"line":27,"column":61},"end":{"line":29,"column":null}},"line":27},"6":{"name":"compareSecret","decl":{"start":{"line":30,"column":8},"end":{"line":30,"column":22}},"loc":{"start":{"line":30,"column":56},"end":{"line":32,"column":null}},"line":30}},"branchMap":{"0":{"loc":{"start":{"line":13,"column":42},"end":{"line":13,"column":null}},"type":"binary-expr","locations":[{"start":{"line":13,"column":42},"end":{"line":13,"column":68}},{"start":{"line":13,"column":68},"end":{"line":13,"column":null}}],"line":13}},"s":{"0":1,"1":1,"2":1,"3":10,"4":1,"5":10,"6":1,"7":0,"8":10,"9":0,"10":0,"11":1},"f":{"0":10,"1":10,"2":0,"3":10,"4":0,"5":0,"6":1},"b":{"0":[10,0]},"meta":{"lastBranch":1,"lastFunction":7,"lastStatement":12,"seen":{"s:5:23:5:Infinity":0,"s:7:51:11:Infinity":1,"s:13:6:13:Infinity":2,"f:13:6:13:19":0,"s:13:42:13:Infinity":3,"b:13:42:13:68:13:68:13:Infinity":0,"s:15:13:15:Infinity":4,"f:15:13:15:20":1,"s:15:58:15:Infinity":5,"s:17:30:33:Infinity":6,"f:18:8:18:21":2,"s:19:4:19:Infinity":7,"f:21:8:21:19":3,"s:22:4:22:Infinity":8,"f:24:8:24:18":4,"s:25:4:25:Infinity":9,"f:27:8:27:24":5,"s:28:4:28:Infinity":10,"f:30:8:30:22":6,"s:31:4:31:Infinity":11},"fnNames":{}}}
,"C:\\Users\\newad\\Desktop\\YadroOS\\src\\utils\\permissions.ts": {"path":"C:\\Users\\newad\\Desktop\\YadroOS\\src\\utils\\permissions.ts","statementMap":{"0":{"start":{"line":3,"column":59},"end":{"line":31,"column":null}},"1":{"start":{"line":33,"column":13},"end":{"line":39,"column":null}},"2":{"start":{"line":34,"column":2},"end":{"line":36,"column":null}},"3":{"start":{"line":35,"column":4},"end":{"line":35,"column":null}},"4":{"start":{"line":38,"column":2},"end":{"line":38,"column":null}},"5":{"start":{"line":41,"column":13},"end":{"line":47,"column":null}},"6":{"start":{"line":42,"column":2},"end":{"line":44,"column":null}},"7":{"start":{"line":43,"column":4},"end":{"line":43,"column":null}},"8":{"start":{"line":46,"column":2},"end":{"line":46,"column":null}}},"fnMap":{"0":{"name":"(anonymous_0)","decl":{"start":{"line":33,"column":13},"end":{"line":33,"column":30}},"loc":{"start":{"line":33,"column":90},"end":{"line":39,"column":null}},"line":33},"1":{"name":"(anonymous_1)","decl":{"start":{"line":41,"column":13},"end":{"line":41,"column":30}},"loc":{"start":{"line":41,"column":88},"end":{"line":47,"column":null}},"line":41}},"branchMap":{"0":{"loc":{"start":{"line":34,"column":2},"end":{"line":36,"column":null}},"type":"if","locations":[{"start":{"line":34,"column":2},"end":{"line":36,"column":null}},{"start":{},"end":{}}],"line":34},"1":{"loc":{"start":{"line":38,"column":9},"end":{"line":38,"column":null}},"type":"binary-expr","locations":[{"start":{"line":38,"column":9},"end":{"line":38,"column":56}},{"start":{"line":38,"column":56},"end":{"line":38,"column":null}}],"line":38},"2":{"loc":{"start":{"line":42,"column":2},"end":{"line":44,"column":null}},"type":"if","locations":[{"start":{"line":42,"column":2},"end":{"line":44,"column":null}},{"start":{},"end":{}}],"line":42}},"s":{"0":1,"1":1,"2":5,"3":1,"4":4,"5":1,"6":4,"7":1,"8":3},"f":{"0":5,"1":4},"b":{"0":[1,4],"1":[4,0],"2":[1,3]},"meta":{"lastBranch":3,"lastFunction":2,"lastStatement":9,"seen":{"s:3:59:31:Infinity":0,"s:33:13:39:Infinity":1,"f:33:13:33:30":0,"b:34:2:36:Infinity:undefined:undefined:undefined:undefined":0,"s:34:2:36:Infinity":2,"s:35:4:35:Infinity":3,"s:38:2:38:Infinity":4,"b:38:9:38:56:38:56:38:Infinity":1,"s:41:13:47:Infinity":5,"f:41:13:41:30":1,"b:42:2:44:Infinity:undefined:undefined:undefined:undefined":2,"s:42:2:44:Infinity":6,"s:43:4:43:Infinity":7,"s:46:2:46:Infinity":8},"fnNames":{}}}
}
